  [1m[35m (0.7ms)[0m  [1m[35mSET NAMES utf8mb4,  @@SESSION.sql_mode = CONCAT(CONCAT(@@sql_mode, ',STRICT_ALL_TABLES'), ',NO_AUTO_VALUE_ON_ZERO'),  @@SESSION.sql_auto_is_null = 0, @@SESSION.wait_timeout = 2147483[0m
  [1m[35m (0.6ms)[0m  [1m[35mCREATE DATABASE `depot_development` DEFAULT CHARACTER SET `utf8mb4`[0m
  [1m[35m (0.4ms)[0m  [1m[35mSET NAMES utf8mb4,  @@SESSION.sql_mode = CONCAT(CONCAT(@@sql_mode, ',STRICT_ALL_TABLES'), ',NO_AUTO_VALUE_ON_ZERO'),  @@SESSION.sql_auto_is_null = 0, @@SESSION.wait_timeout = 2147483[0m
  [1m[35m (0.5ms)[0m  [1m[35mCREATE DATABASE `depot_test` DEFAULT CHARACTER SET `utf8mb4`[0m
Started GET "/" for 127.0.0.1 at 2020-12-23 12:45:50 +0600
  [1m[35m (0.6ms)[0m  [1m[35mSET NAMES utf8mb4,  @@SESSION.sql_mode = CONCAT(CONCAT(@@sql_mode, ',STRICT_ALL_TABLES'), ',NO_AUTO_VALUE_ON_ZERO'),  @@SESSION.sql_auto_is_null = 0, @@SESSION.wait_timeout = 2147483[0m
Processing by Rails::WelcomeController#index as HTML
  Rendering /home/nascenia/.rvm/gems/ruby-2.7.2/gems/railties-6.0.3.4/lib/rails/templates/rails/welcome/index.html.erb
  Rendered /home/nascenia/.rvm/gems/ruby-2.7.2/gems/railties-6.0.3.4/lib/rails/templates/rails/welcome/index.html.erb (Duration: 25.6ms | Allocations: 400)
Completed 200 OK in 72ms (Views: 51.0ms | ActiveRecord: 0.0ms | Allocations: 2306)


  [1m[35m (0.5ms)[0m  [1m[35mSET NAMES utf8mb4,  @@SESSION.sql_mode = CONCAT(CONCAT(@@sql_mode, ',STRICT_ALL_TABLES'), ',NO_AUTO_VALUE_ON_ZERO'),  @@SESSION.sql_auto_is_null = 0, @@SESSION.wait_timeout = 2147483[0m
  [1m[35m (531.5ms)[0m  [1m[35mCREATE TABLE `schema_migrations` (`version` varchar(255) NOT NULL PRIMARY KEY)[0m
  [1m[35m (364.4ms)[0m  [1m[35mCREATE TABLE `ar_internal_metadata` (`key` varchar(255) NOT NULL PRIMARY KEY, `value` varchar(255), `created_at` datetime(6) NOT NULL, `updated_at` datetime(6) NOT NULL)[0m
  [1m[35m (0.7ms)[0m  [1m[35mSET NAMES utf8mb4,  @@SESSION.sql_mode = CONCAT(CONCAT(@@sql_mode, ',STRICT_ALL_TABLES'), ',NO_AUTO_VALUE_ON_ZERO'),  @@SESSION.sql_auto_is_null = 0, @@SESSION.wait_timeout = 2147483[0m
  [1m[35m (0.4ms)[0m  [1m[34mSELECT GET_LOCK('6958702983027556635', 0)[0m
  [1m[35m (20.4ms)[0m  [1m[34mSELECT `schema_migrations`.`version` FROM `schema_migrations` ORDER BY `schema_migrations`.`version` ASC[0m
Migrating to CreateProducts (20201223064838)
  [1m[35m (364.6ms)[0m  [1m[35mCREATE TABLE `products` (`id` bigint NOT NULL AUTO_INCREMENT PRIMARY KEY, `title` varchar(255), `description` text, `image_url` varchar(255), `price` decimal, `created_at` datetime(6) NOT NULL, `updated_at` datetime(6) NOT NULL)[0m
  [1m[35m (0.2ms)[0m  [1m[35mBEGIN[0m
  [1m[36mprimary::SchemaMigration Create (24.5ms)[0m  [1m[32mINSERT INTO `schema_migrations` (`version`) VALUES ('20201223064838')[0m
  [1m[35m (46.1ms)[0m  [1m[35mCOMMIT[0m
  [1m[36mActiveRecord::InternalMetadata Load (0.6ms)[0m  [1m[34mSELECT `ar_internal_metadata`.* FROM `ar_internal_metadata` WHERE `ar_internal_metadata`.`key` = 'environment' LIMIT 1[0m
  [1m[35m (0.2ms)[0m  [1m[35mBEGIN[0m
  [1m[36mActiveRecord::InternalMetadata Create (0.4ms)[0m  [1m[32mINSERT INTO `ar_internal_metadata` (`key`, `value`, `created_at`, `updated_at`) VALUES ('environment', 'development', '2020-12-23 06:58:54.958585', '2020-12-23 06:58:54.958585')[0m
  [1m[35m (54.8ms)[0m  [1m[35mCOMMIT[0m
  [1m[35m (0.5ms)[0m  [1m[34mSELECT RELEASE_LOCK('6958702983027556635')[0m
  [1m[35m (0.5ms)[0m  [1m[35mSET NAMES utf8mb4,  @@SESSION.sql_mode = CONCAT(CONCAT(@@sql_mode, ',STRICT_ALL_TABLES'), ',NO_AUTO_VALUE_ON_ZERO'),  @@SESSION.sql_auto_is_null = 0, @@SESSION.wait_timeout = 2147483[0m
  [1m[35m (0.4ms)[0m  [1m[34mSELECT `schema_migrations`.`version` FROM `schema_migrations` ORDER BY `schema_migrations`.`version` ASC[0m
  [1m[35m (0.7ms)[0m  [1m[35mSET NAMES utf8mb4,  @@SESSION.sql_mode = CONCAT(CONCAT(@@sql_mode, ',STRICT_ALL_TABLES'), ',NO_AUTO_VALUE_ON_ZERO'),  @@SESSION.sql_auto_is_null = 0, @@SESSION.wait_timeout = 2147483[0m
  [1m[35m (0.3ms)[0m  [1m[35mSET NAMES utf8mb4,  @@SESSION.sql_mode = CONCAT(CONCAT(@@sql_mode, ',STRICT_ALL_TABLES'), ',NO_AUTO_VALUE_ON_ZERO'),  @@SESSION.sql_auto_is_null = 0, @@SESSION.wait_timeout = 2147483[0m
  [1m[35m (0.3ms)[0m  [1m[34mSELECT GET_LOCK('6958702983027556635', 0)[0m
  [1m[35m (0.4ms)[0m  [1m[34mSELECT `schema_migrations`.`version` FROM `schema_migrations` ORDER BY `schema_migrations`.`version` ASC[0m
  [1m[36mActiveRecord::InternalMetadata Load (0.5ms)[0m  [1m[34mSELECT `ar_internal_metadata`.* FROM `ar_internal_metadata` WHERE `ar_internal_metadata`.`key` = 'environment' LIMIT 1[0m
  [1m[35m (0.3ms)[0m  [1m[34mSELECT RELEASE_LOCK('6958702983027556635')[0m
  [1m[35m (0.3ms)[0m  [1m[35mSET NAMES utf8mb4,  @@SESSION.sql_mode = CONCAT(CONCAT(@@sql_mode, ',STRICT_ALL_TABLES'), ',NO_AUTO_VALUE_ON_ZERO'),  @@SESSION.sql_auto_is_null = 0, @@SESSION.wait_timeout = 2147483[0m
  [1m[35m (0.5ms)[0m  [1m[34mSELECT `schema_migrations`.`version` FROM `schema_migrations` ORDER BY `schema_migrations`.`version` ASC[0m
Started GET "/" for 127.0.0.1 at 2020-12-23 13:20:02 +0600
  [1m[35m (0.4ms)[0m  [1m[35mSET NAMES utf8mb4,  @@SESSION.sql_mode = CONCAT(CONCAT(@@sql_mode, ',STRICT_ALL_TABLES'), ',NO_AUTO_VALUE_ON_ZERO'),  @@SESSION.sql_auto_is_null = 0, @@SESSION.wait_timeout = 2147483[0m
  [1m[35m (0.4ms)[0m  [1m[34mSELECT `schema_migrations`.`version` FROM `schema_migrations` ORDER BY `schema_migrations`.`version` ASC[0m
Processing by Rails::WelcomeController#index as HTML
  Rendering /home/nascenia/.rvm/gems/ruby-2.7.2/gems/railties-6.0.3.4/lib/rails/templates/rails/welcome/index.html.erb
  Rendered /home/nascenia/.rvm/gems/ruby-2.7.2/gems/railties-6.0.3.4/lib/rails/templates/rails/welcome/index.html.erb (Duration: 8.0ms | Allocations: 181)
Completed 200 OK in 14ms (Views: 9.0ms | ActiveRecord: 0.0ms | Allocations: 2167)


Started GET "/" for 127.0.0.1 at 2020-12-23 13:20:03 +0600
Processing by Rails::WelcomeController#index as HTML
  Rendering /home/nascenia/.rvm/gems/ruby-2.7.2/gems/railties-6.0.3.4/lib/rails/templates/rails/welcome/index.html.erb
  Rendered /home/nascenia/.rvm/gems/ruby-2.7.2/gems/railties-6.0.3.4/lib/rails/templates/rails/welcome/index.html.erb (Duration: 0.5ms | Allocations: 8)
Completed 200 OK in 2ms (Views: 1.3ms | ActiveRecord: 0.0ms | Allocations: 304)


Started GET "/products" for 127.0.0.1 at 2020-12-23 13:20:56 +0600
Processing by ProductsController#index as HTML
  Rendering products/index.html.erb within layouts/application
  [1m[36mProduct Load (0.4ms)[0m  [1m[34mSELECT `products`.* FROM `products`[0m
  ↳ app/views/products/index.html.erb:17
  Rendered products/index.html.erb within layouts/application (Duration: 4.9ms | Allocations: 1574)
[Webpacker] Compiling...
[Webpacker] Compiled all packs in /home/nascenia/myrails/depot/public/packs
[Webpacker] Hash: 76145d9ce4575ebaa29b
Version: webpack 4.44.2
Time: 2908ms
Built at: 12/23/2020 1:21:01 PM
                                     Asset       Size       Chunks                         Chunk Names
    js/application-c229f7c7014cf8c8d494.js    124 KiB  application  [emitted] [immutable]  application
js/application-c229f7c7014cf8c8d494.js.map    139 KiB  application  [emitted] [dev]        application
                             manifest.json  364 bytes               [emitted]              
Entrypoint application = js/application-c229f7c7014cf8c8d494.js js/application-c229f7c7014cf8c8d494.js.map
[./app/javascript/channels sync recursive _channel\.js$] ./app/javascript/channels sync _channel\.js$ 160 bytes {application} [built]
[./app/javascript/channels/index.js] 211 bytes {application} [built]
[./app/javascript/packs/application.js] 749 bytes {application} [built]
[./node_modules/webpack/buildin/module.js] (webpack)/buildin/module.js 552 bytes {application} [built]
    + 3 hidden modules

Completed 200 OK in 4878ms (Views: 4873.0ms | ActiveRecord: 1.1ms | Allocations: 22414)


Started GET "/products/new" for 127.0.0.1 at 2020-12-23 13:24:20 +0600
Processing by ProductsController#new as HTML
  Rendering products/new.html.erb within layouts/application
  Rendered products/_form.html.erb (Duration: 212.6ms | Allocations: 6678)
  Rendered products/new.html.erb within layouts/application (Duration: 214.2ms | Allocations: 7013)
[Webpacker] Everything's up-to-date. Nothing to do
Completed 200 OK in 236ms (Views: 222.1ms | ActiveRecord: 1.2ms | Allocations: 13964)


Started GET "/products/new" for 127.0.0.1 at 2020-12-23 13:25:03 +0600
Processing by ProductsController#new as HTML
  Rendering products/new.html.erb within layouts/application
  Rendered products/_form.html.erb (Duration: 2.6ms | Allocations: 1062)
  Rendered products/new.html.erb within layouts/application (Duration: 3.1ms | Allocations: 1144)
[Webpacker] Everything's up-to-date. Nothing to do
Completed 200 OK in 12ms (Views: 11.3ms | ActiveRecord: 0.0ms | Allocations: 4501)


Started GET "/products/new" for 127.0.0.1 at 2020-12-23 13:25:05 +0600
Processing by ProductsController#new as HTML
  Rendering products/new.html.erb within layouts/application
  Rendered products/_form.html.erb (Duration: 4.1ms | Allocations: 1062)
  Rendered products/new.html.erb within layouts/application (Duration: 4.7ms | Allocations: 1144)
[Webpacker] Everything's up-to-date. Nothing to do
Completed 200 OK in 14ms (Views: 12.5ms | ActiveRecord: 0.0ms | Allocations: 4505)


Started GET "/products/new" for 127.0.0.1 at 2020-12-23 13:25:10 +0600
Processing by ProductsController#new as HTML
  Rendering products/new.html.erb within layouts/application
  Rendered products/_form.html.erb (Duration: 4.5ms | Allocations: 1062)
  Rendered products/new.html.erb within layouts/application (Duration: 5.2ms | Allocations: 1144)
[Webpacker] Everything's up-to-date. Nothing to do
Completed 200 OK in 16ms (Views: 14.1ms | ActiveRecord: 0.0ms | Allocations: 4502)


Started GET "/products" for 127.0.0.1 at 2020-12-23 13:25:15 +0600
Processing by ProductsController#index as HTML
  Rendering products/index.html.erb within layouts/application
  [1m[36mProduct Load (0.5ms)[0m  [1m[34mSELECT `products`.* FROM `products`[0m
  ↳ app/views/products/index.html.erb:17
  Rendered products/index.html.erb within layouts/application (Duration: 2.3ms | Allocations: 691)
[Webpacker] Everything's up-to-date. Nothing to do
Completed 200 OK in 11ms (Views: 10.2ms | ActiveRecord: 0.5ms | Allocations: 4049)


Started GET "/products/new" for 127.0.0.1 at 2020-12-23 13:25:50 +0600
Processing by ProductsController#new as HTML
  Rendering products/new.html.erb within layouts/application
  Rendered products/_form.html.erb (Duration: 3.2ms | Allocations: 1062)
  Rendered products/new.html.erb within layouts/application (Duration: 3.8ms | Allocations: 1144)
[Webpacker] Everything's up-to-date. Nothing to do
Completed 200 OK in 16ms (Views: 14.4ms | ActiveRecord: 0.0ms | Allocations: 4495)


Started GET "/products" for 127.0.0.1 at 2020-12-23 13:29:34 +0600
Processing by ProductsController#index as HTML
  Rendering products/index.html.erb within layouts/application
  [1m[36mProduct Load (0.5ms)[0m  [1m[34mSELECT `products`.* FROM `products`[0m
  ↳ app/views/products/index.html.erb:17
  Rendered products/index.html.erb within layouts/application (Duration: 3.1ms | Allocations: 688)
[Webpacker] Everything's up-to-date. Nothing to do
Completed 200 OK in 14ms (Views: 12.9ms | ActiveRecord: 0.5ms | Allocations: 3954)


Started GET "/products/new" for 127.0.0.1 at 2020-12-23 14:21:25 +0600
  [1m[35m (0.4ms)[0m  [1m[35mSET NAMES utf8mb4,  @@SESSION.sql_mode = CONCAT(CONCAT(@@sql_mode, ',STRICT_ALL_TABLES'), ',NO_AUTO_VALUE_ON_ZERO'),  @@SESSION.sql_auto_is_null = 0, @@SESSION.wait_timeout = 2147483[0m
  [1m[35m (0.6ms)[0m  [1m[34mSELECT `schema_migrations`.`version` FROM `schema_migrations` ORDER BY `schema_migrations`.`version` ASC[0m
Processing by ProductsController#new as HTML
  Rendering products/new.html.erb within layouts/application
  Rendered products/_form.html.erb (Duration: 3.2ms | Allocations: 1447)
  Rendered products/new.html.erb within layouts/application (Duration: 4.5ms | Allocations: 1775)
[Webpacker] Everything's up-to-date. Nothing to do
Completed 200 OK in 16ms (Views: 14.0ms | ActiveRecord: 0.0ms | Allocations: 6044)


Started POST "/products" for 127.0.0.1 at 2020-12-23 14:27:22 +0600
  [1m[35m (0.5ms)[0m  [1m[35mSET NAMES utf8mb4,  @@SESSION.sql_mode = CONCAT(CONCAT(@@sql_mode, ',STRICT_ALL_TABLES'), ',NO_AUTO_VALUE_ON_ZERO'),  @@SESSION.sql_auto_is_null = 0, @@SESSION.wait_timeout = 2147483[0m
Processing by ProductsController#create as HTML
  Parameters: {"authenticity_token"=>"EPdZKX2SrhH9ac9YOv2oF01NNECwbqoyPqwcftjIJnRCWGCcnCd3bMuXsBbVj5es1D26pBY+M+VR2rTDz3pB1w==", "product"=>{"title"=>"Seven Mobile Apps", "description"=>"Perhaps it isn’t the prettiest interface, but it works, and we can show it to\r\nour client for approval. She can play with the other links (showing details,\r\nediting existing products, and so on). We explain to her that this is only a\r\nfirst step—we know it’s rough, but we wanted to get her feedback early. (And\r\nfour commands probably count as early in anyone’s book.)", "image_url"=>"/images/apps.jpg", "price"=>"26.00"}, "commit"=>"Create Product"}
  [1m[35m (0.3ms)[0m  [1m[35mBEGIN[0m
  ↳ app/controllers/products_controller.rb:30:in `block in create'
  [1m[36mProduct Create (0.6ms)[0m  [1m[32mINSERT INTO `products` (`title`, `description`, `image_url`, `price`, `created_at`, `updated_at`) VALUES ('Seven Mobile Apps', 'Perhaps it isn’t the prettiest interface, but it works, and we can show it to\r\nour client for approval. She can play with the other links (showing details,\r\nediting existing products, and so on). We explain to her that this is only a\r\nfirst step—we know it’s rough, but we wanted to get her feedback early. (And\r\nfour commands probably count as early in anyone’s book.)', '/images/apps.jpg', 26, '2020-12-23 08:27:22.382180', '2020-12-23 08:27:22.382180')[0m
  ↳ app/controllers/products_controller.rb:30:in `block in create'
  [1m[35m (54.9ms)[0m  [1m[35mCOMMIT[0m
  ↳ app/controllers/products_controller.rb:30:in `block in create'
Redirected to http://localhost:3000/products/1
Completed 302 Found in 64ms (ActiveRecord: 55.8ms | Allocations: 3064)


Started GET "/products/1" for 127.0.0.1 at 2020-12-23 14:27:22 +0600
Processing by ProductsController#show as HTML
  Parameters: {"id"=>"1"}
  [1m[36mProduct Load (0.7ms)[0m  [1m[34mSELECT `products`.* FROM `products` WHERE `products`.`id` = 1 LIMIT 1[0m
  ↳ app/controllers/products_controller.rb:67:in `set_product'
  Rendering products/show.html.erb within layouts/application
  Rendered products/show.html.erb within layouts/application (Duration: 1.4ms | Allocations: 300)
[Webpacker] Everything's up-to-date. Nothing to do
Completed 200 OK in 17ms (Views: 9.8ms | ActiveRecord: 0.7ms | Allocations: 4805)


Started GET "/products" for 127.0.0.1 at 2020-12-23 14:27:32 +0600
Processing by ProductsController#index as HTML
  Rendering products/index.html.erb within layouts/application
  [1m[36mProduct Load (0.6ms)[0m  [1m[34mSELECT `products`.* FROM `products`[0m
  ↳ app/views/products/index.html.erb:17
  Rendered products/index.html.erb within layouts/application (Duration: 4.6ms | Allocations: 1097)
[Webpacker] Everything's up-to-date. Nothing to do
Completed 200 OK in 15ms (Views: 12.7ms | ActiveRecord: 0.6ms | Allocations: 4582)


Started GET "/products/1" for 127.0.0.1 at 2020-12-23 14:27:50 +0600
Processing by ProductsController#show as HTML
  Parameters: {"id"=>"1"}
  [1m[36mProduct Load (0.6ms)[0m  [1m[34mSELECT `products`.* FROM `products` WHERE `products`.`id` = 1 LIMIT 1[0m
  ↳ app/controllers/products_controller.rb:67:in `set_product'
  Rendering products/show.html.erb within layouts/application
  Rendered products/show.html.erb within layouts/application (Duration: 0.6ms | Allocations: 89)
[Webpacker] Everything's up-to-date. Nothing to do
Completed 200 OK in 14ms (Views: 9.0ms | ActiveRecord: 0.6ms | Allocations: 4019)


Started GET "/products" for 127.0.0.1 at 2020-12-23 14:27:52 +0600
Processing by ProductsController#index as HTML
  Rendering products/index.html.erb within layouts/application
  [1m[36mProduct Load (0.7ms)[0m  [1m[34mSELECT `products`.* FROM `products`[0m
  ↳ app/views/products/index.html.erb:17
  Rendered products/index.html.erb within layouts/application (Duration: 4.0ms | Allocations: 823)
[Webpacker] Everything's up-to-date. Nothing to do
Completed 200 OK in 18ms (Views: 16.2ms | ActiveRecord: 0.7ms | Allocations: 4192)


Started GET "/products/1/edit" for 127.0.0.1 at 2020-12-23 14:27:59 +0600
Processing by ProductsController#edit as HTML
  Parameters: {"id"=>"1"}
  [1m[36mProduct Load (0.4ms)[0m  [1m[34mSELECT `products`.* FROM `products` WHERE `products`.`id` = 1 LIMIT 1[0m
  ↳ app/controllers/products_controller.rb:67:in `set_product'
  Rendering products/edit.html.erb within layouts/application
  Rendered products/_form.html.erb (Duration: 4.0ms | Allocations: 1165)
  Rendered products/edit.html.erb within layouts/application (Duration: 5.6ms | Allocations: 1403)
[Webpacker] Everything's up-to-date. Nothing to do
Completed 200 OK in 17ms (Views: 13.2ms | ActiveRecord: 0.4ms | Allocations: 5470)


Started GET "/products" for 127.0.0.1 at 2020-12-23 14:28:04 +0600
Processing by ProductsController#index as HTML
  Rendering products/index.html.erb within layouts/application
  [1m[36mProduct Load (0.6ms)[0m  [1m[34mSELECT `products`.* FROM `products`[0m
  ↳ app/views/products/index.html.erb:17
  Rendered products/index.html.erb within layouts/application (Duration: 3.9ms | Allocations: 826)
[Webpacker] Everything's up-to-date. Nothing to do
Completed 200 OK in 18ms (Views: 15.9ms | ActiveRecord: 0.6ms | Allocations: 4206)


Started GET "/products" for 127.0.0.1 at 2020-12-23 14:30:11 +0600
Processing by ProductsController#index as HTML
  Rendering products/index.html.erb within layouts/application
  [1m[36mProduct Load (0.4ms)[0m  [1m[34mSELECT `products`.* FROM `products`[0m
  ↳ app/views/products/index.html.erb:17
  Rendered products/index.html.erb within layouts/application (Duration: 4.3ms | Allocations: 1104)
[Webpacker] Everything's up-to-date. Nothing to do
Completed 200 OK in 16ms (Views: 14.8ms | ActiveRecord: 0.4ms | Allocations: 5374)


Started GET "/products" for 127.0.0.1 at 2020-12-23 15:18:33 +0600
  [1m[35m (0.4ms)[0m  [1m[35mSET NAMES utf8mb4,  @@SESSION.sql_mode = CONCAT(CONCAT(@@sql_mode, ',STRICT_ALL_TABLES'), ',NO_AUTO_VALUE_ON_ZERO'),  @@SESSION.sql_auto_is_null = 0, @@SESSION.wait_timeout = 2147483[0m
Processing by ProductsController#index as HTML
  Rendering products/index.html.erb within layouts/application
  [1m[36mProduct Load (0.6ms)[0m  [1m[34mSELECT `products`.* FROM `products`[0m
  ↳ app/views/products/index.html.erb:17
  Rendered products/index.html.erb within layouts/application (Duration: 5.1ms | Allocations: 1094)
[Webpacker] Everything's up-to-date. Nothing to do
Completed 200 OK in 17ms (Views: 14.8ms | ActiveRecord: 0.6ms | Allocations: 5383)


Started GET "/products" for 127.0.0.1 at 2020-12-23 15:18:36 +0600
Processing by ProductsController#index as HTML
  Rendering products/index.html.erb within layouts/application
  [1m[36mProduct Load (0.5ms)[0m  [1m[34mSELECT `products`.* FROM `products`[0m
  ↳ app/views/products/index.html.erb:17
  Rendered products/index.html.erb within layouts/application (Duration: 4.5ms | Allocations: 832)
[Webpacker] Everything's up-to-date. Nothing to do
Completed 200 OK in 15ms (Views: 13.3ms | ActiveRecord: 0.5ms | Allocations: 4210)


Started GET "/products" for 127.0.0.1 at 2020-12-23 15:19:29 +0600
Processing by ProductsController#index as HTML
  Rendering products/index.html.erb within layouts/application
  [1m[36mProduct Load (0.4ms)[0m  [1m[34mSELECT `products`.* FROM `products`[0m
  ↳ app/views/products/index.html.erb:17
  Rendered products/index.html.erb within layouts/application (Duration: 2.6ms | Allocations: 823)
[Webpacker] Everything's up-to-date. Nothing to do
Completed 200 OK in 11ms (Views: 9.8ms | ActiveRecord: 0.4ms | Allocations: 4195)


Started GET "/products" for 127.0.0.1 at 2020-12-23 15:19:29 +0600
Processing by ProductsController#index as HTML
  Rendering products/index.html.erb within layouts/application
  [1m[36mProduct Load (0.6ms)[0m  [1m[34mSELECT `products`.* FROM `products`[0m
  ↳ app/views/products/index.html.erb:17
  Rendered products/index.html.erb within layouts/application (Duration: 3.5ms | Allocations: 823)
[Webpacker] Everything's up-to-date. Nothing to do
Completed 200 OK in 18ms (Views: 16.4ms | ActiveRecord: 0.6ms | Allocations: 4234)


Started GET "/products" for 127.0.0.1 at 2020-12-23 15:19:30 +0600
Processing by ProductsController#index as HTML
  Rendering products/index.html.erb within layouts/application
  [1m[36mProduct Load (0.7ms)[0m  [1m[34mSELECT `products`.* FROM `products`[0m
  ↳ app/views/products/index.html.erb:17
  Rendered products/index.html.erb within layouts/application (Duration: 4.5ms | Allocations: 823)
[Webpacker] Everything's up-to-date. Nothing to do
Completed 200 OK in 17ms (Views: 15.1ms | ActiveRecord: 0.7ms | Allocations: 4219)


Started GET "/products" for 127.0.0.1 at 2020-12-23 15:19:30 +0600
Processing by ProductsController#index as HTML
  Rendering products/index.html.erb within layouts/application
  [1m[36mProduct Load (0.6ms)[0m  [1m[34mSELECT `products`.* FROM `products`[0m
  ↳ app/views/products/index.html.erb:17
  Rendered products/index.html.erb within layouts/application (Duration: 3.1ms | Allocations: 823)
[Webpacker] Everything's up-to-date. Nothing to do
Completed 200 OK in 13ms (Views: 11.4ms | ActiveRecord: 0.6ms | Allocations: 4194)


Started GET "/products" for 127.0.0.1 at 2020-12-23 15:19:30 +0600
Processing by ProductsController#index as HTML
  Rendering products/index.html.erb within layouts/application
  [1m[36mProduct Load (0.5ms)[0m  [1m[34mSELECT `products`.* FROM `products`[0m
  ↳ app/views/products/index.html.erb:17
  Rendered products/index.html.erb within layouts/application (Duration: 3.8ms | Allocations: 823)
[Webpacker] Everything's up-to-date. Nothing to do
Completed 200 OK in 13ms (Views: 11.9ms | ActiveRecord: 0.5ms | Allocations: 4216)


Started GET "/say/hello" for 127.0.0.1 at 2020-12-23 15:19:34 +0600
  
ActionController::RoutingError (No route matches [GET] "/say/hello"):
  
actionpack (6.0.3.4) lib/action_dispatch/middleware/debug_exceptions.rb:36:in `call'
web-console (4.1.0) lib/web_console/middleware.rb:132:in `call_app'
web-console (4.1.0) lib/web_console/middleware.rb:28:in `block in call'
web-console (4.1.0) lib/web_console/middleware.rb:17:in `catch'
web-console (4.1.0) lib/web_console/middleware.rb:17:in `call'
actionpack (6.0.3.4) lib/action_dispatch/middleware/show_exceptions.rb:33:in `call'
railties (6.0.3.4) lib/rails/rack/logger.rb:37:in `call_app'
railties (6.0.3.4) lib/rails/rack/logger.rb:26:in `block in call'
activesupport (6.0.3.4) lib/active_support/tagged_logging.rb:80:in `block in tagged'
activesupport (6.0.3.4) lib/active_support/tagged_logging.rb:28:in `tagged'
activesupport (6.0.3.4) lib/active_support/tagged_logging.rb:80:in `tagged'
railties (6.0.3.4) lib/rails/rack/logger.rb:26:in `call'
sprockets-rails (3.2.2) lib/sprockets/rails/quiet_assets.rb:13:in `call'
actionpack (6.0.3.4) lib/action_dispatch/middleware/remote_ip.rb:81:in `call'
actionpack (6.0.3.4) lib/action_dispatch/middleware/request_id.rb:27:in `call'
rack (2.2.3) lib/rack/method_override.rb:24:in `call'
rack (2.2.3) lib/rack/runtime.rb:22:in `call'
activesupport (6.0.3.4) lib/active_support/cache/strategy/local_cache_middleware.rb:29:in `call'
actionpack (6.0.3.4) lib/action_dispatch/middleware/executor.rb:14:in `call'
actionpack (6.0.3.4) lib/action_dispatch/middleware/static.rb:126:in `call'
rack (2.2.3) lib/rack/sendfile.rb:110:in `call'
actionpack (6.0.3.4) lib/action_dispatch/middleware/host_authorization.rb:82:in `call'
webpacker (4.3.0) lib/webpacker/dev_server_proxy.rb:23:in `perform_request'
rack-proxy (0.6.5) lib/rack/proxy.rb:57:in `call'
railties (6.0.3.4) lib/rails/engine.rb:527:in `call'
puma (4.3.7) lib/puma/configuration.rb:228:in `call'
puma (4.3.7) lib/puma/server.rb:713:in `handle_request'
puma (4.3.7) lib/puma/server.rb:472:in `process_client'
puma (4.3.7) lib/puma/server.rb:328:in `block in run'
puma (4.3.7) lib/puma/thread_pool.rb:134:in `block in spawn_thread'
  [1m[35m (0.4ms)[0m  [1m[35mSET NAMES utf8mb4,  @@SESSION.sql_mode = CONCAT(CONCAT(@@sql_mode, ',STRICT_ALL_TABLES'), ',NO_AUTO_VALUE_ON_ZERO'),  @@SESSION.sql_auto_is_null = 0, @@SESSION.wait_timeout = 2147483[0m
  [1m[35m (0.6ms)[0m  [1m[34mSELECT `schema_migrations`.`version` FROM `schema_migrations` ORDER BY `schema_migrations`.`version` ASC[0m
  [1m[35m (0.4ms)[0m  [1m[35mSET NAMES utf8mb4,  @@SESSION.sql_mode = CONCAT(CONCAT(@@sql_mode, ',STRICT_ALL_TABLES'), ',NO_AUTO_VALUE_ON_ZERO'),  @@SESSION.sql_auto_is_null = 0, @@SESSION.wait_timeout = 2147483[0m
  [1m[36mProduct Destroy (96.6ms)[0m  [1m[31mDELETE FROM `products`[0m
  [1m[35m (0.3ms)[0m  [1m[35mBEGIN[0m
  [1m[36mProduct Create (0.5ms)[0m  [1m[32mINSERT INTO `products` (`title`, `description`, `image_url`, `price`, `created_at`, `updated_at`) VALUES ('Seven Mobile Apps in Seven Weeks', '<p>\n<em>Native Apps, Multiple Platforms</em>\nAnswer the question “Can we build this for ALL the devices?” with a\nresounding YES. This book will help you get there with a real-world\nintroduction to seven platforms, whether you’re new to mobile or an\nexperienced developer needing to expand your options. Plus, you’ll find\nout which cross-platform solution makes the most sense for your needs.\n</p>', '7apps.jpg', 26, '2020-12-23 09:24:28.860319', '2020-12-23 09:24:28.860319')[0m
  [1m[35m (55.1ms)[0m  [1m[35mCOMMIT[0m
Started GET "/products" for 127.0.0.1 at 2020-12-23 15:24:36 +0600
  [1m[35m (0.5ms)[0m  [1m[35mSET NAMES utf8mb4,  @@SESSION.sql_mode = CONCAT(CONCAT(@@sql_mode, ',STRICT_ALL_TABLES'), ',NO_AUTO_VALUE_ON_ZERO'),  @@SESSION.sql_auto_is_null = 0, @@SESSION.wait_timeout = 2147483[0m
  [1m[35m (0.3ms)[0m  [1m[34mSELECT `schema_migrations`.`version` FROM `schema_migrations` ORDER BY `schema_migrations`.`version` ASC[0m
Processing by ProductsController#index as HTML
  Rendering products/index.html.erb within layouts/application
  [1m[36mProduct Load (0.4ms)[0m  [1m[34mSELECT `products`.* FROM `products`[0m
  ↳ app/views/products/index.html.erb:17
  Rendered products/index.html.erb within layouts/application (Duration: 23.6ms | Allocations: 5428)
[Webpacker] Everything's up-to-date. Nothing to do
Completed 200 OK in 118ms (Views: 103.3ms | ActiveRecord: 2.2ms | Allocations: 19168)


Started GET "/products" for 127.0.0.1 at 2020-12-23 17:21:54 +0600
  [1m[35m (0.6ms)[0m  [1m[35mSET NAMES utf8mb4,  @@SESSION.sql_mode = CONCAT(CONCAT(@@sql_mode, ',STRICT_ALL_TABLES'), ',NO_AUTO_VALUE_ON_ZERO'),  @@SESSION.sql_auto_is_null = 0, @@SESSION.wait_timeout = 2147483[0m
Processing by ProductsController#index as HTML
  Rendering products/index.html.erb within layouts/application
  [1m[36mProduct Load (1.1ms)[0m  [1m[34mSELECT `products`.* FROM `products`[0m
  ↳ app/views/products/index.html.erb:4
  Rendered products/index.html.erb within layouts/application (Duration: 25.4ms | Allocations: 1934)
Completed 500 Internal Server Error in 101ms (ActiveRecord: 1.1ms | Allocations: 20435)


  
ActionView::Template::Error (The asset "application.js" is not present in the asset pipeline.
):
    4: <title>Depot</title>
    5: <%= csrf_meta_tags %>
    6: <%= stylesheet_link_tag 'application', media: 'all', 'data-turbolinks-track': 'reload' %>
    7: <%= javascript_include_tag 'application', 'data-turbolinks-track': 'reload' %>
    8: </head>
    9: ➤ <body class='<%= controller.controller_name %>'>
   10: <%= yield %>
  
app/views/layouts/application.html.erb:7
Started GET "/products" for 127.0.0.1 at 2020-12-23 17:22:26 +0600
Processing by ProductsController#index as HTML
  Rendering products/index.html.erb within layouts/application
  [1m[36mProduct Load (0.7ms)[0m  [1m[34mSELECT `products`.* FROM `products`[0m
  ↳ app/views/products/index.html.erb:4
  Rendered products/index.html.erb within layouts/application (Duration: 8.6ms | Allocations: 1923)
Completed 500 Internal Server Error in 26ms (ActiveRecord: 0.7ms | Allocations: 10658)


  
ActionView::Template::Error (The asset "application.js" is not present in the asset pipeline.
):
    4: <title>Depot</title>
    5: <%= csrf_meta_tags %>
    6: <%= stylesheet_link_tag 'application', media: 'all', 'data-turbolinks-track': 'reload' %>
    7: <%= javascript_include_tag 'application', 'data-turbolinks-track': 'reload' %>
    8: </head>
    9: ➤ <body class='<%= controller.controller_name %>'>
   10: <%= yield %>
  
app/views/layouts/application.html.erb:7
Started GET "/products" for 127.0.0.1 at 2020-12-23 17:27:50 +0600
  [1m[35m (0.3ms)[0m  [1m[35mSET NAMES utf8mb4,  @@SESSION.sql_mode = CONCAT(CONCAT(@@sql_mode, ',STRICT_ALL_TABLES'), ',NO_AUTO_VALUE_ON_ZERO'),  @@SESSION.sql_auto_is_null = 0, @@SESSION.wait_timeout = 2147483[0m
Processing by ProductsController#index as HTML
  Rendering products/index.html.erb within layouts/application
  [1m[36mProduct Load (0.6ms)[0m  [1m[34mSELECT `products`.* FROM `products`[0m
  ↳ app/views/products/index.html.erb:4
  Rendered products/index.html.erb within layouts/application (Duration: 7.9ms | Allocations: 1873)
Completed 500 Internal Server Error in 25ms (ActiveRecord: 0.6ms | Allocations: 10540)


  
ActionView::Template::Error (The asset "application.js" is not present in the asset pipeline.
):
    4: <title>Depot</title>
    5: <%= csrf_meta_tags %>
    6: <%= stylesheet_link_tag 'application', media: 'all', 'data-turbolinks-track': 'reload' %>
    7: <%= javascript_include_tag 'application', 'data-turbolinks-track': 'reload' %>
    8: </head>
    9: ➤ <body class='<%= controller.controller_name %>'>
   10: <%= yield %>
  
app/views/layouts/application.html.erb:7
Started GET "/products" for 127.0.0.1 at 2020-12-23 17:34:22 +0600
  [1m[35m (0.4ms)[0m  [1m[35mSET NAMES utf8mb4,  @@SESSION.sql_mode = CONCAT(CONCAT(@@sql_mode, ',STRICT_ALL_TABLES'), ',NO_AUTO_VALUE_ON_ZERO'),  @@SESSION.sql_auto_is_null = 0, @@SESSION.wait_timeout = 2147483[0m
Processing by ProductsController#index as HTML
  Rendering products/index.html.erb within layouts/application
  [1m[36mProduct Load (0.6ms)[0m  [1m[34mSELECT `products`.* FROM `products`[0m
  ↳ app/views/products/index.html.erb:4
  Rendered products/index.html.erb within layouts/application (Duration: 8.5ms | Allocations: 1873)
Completed 500 Internal Server Error in 22ms (ActiveRecord: 0.6ms | Allocations: 10541)


  
ActionView::Template::Error (The asset "application.js" is not present in the asset pipeline.
):
    4: <title>Depot</title>
    5: <%= csrf_meta_tags %>
    6: <%= stylesheet_link_tag 'application', media: 'all', 'data-turbolinks-track': 'reload' %>
    7: <%= javascript_include_tag 'application', 'data-turbolinks-track': 'reload' %>
    8: </head>
    9: <body class='<%= controller.controller_name %>'>
   10: <%= yield %>
  
app/views/layouts/application.html.erb:7
Started GET "/products" for 127.0.0.1 at 2020-12-23 17:44:28 +0600
  [1m[35m (0.3ms)[0m  [1m[35mSET NAMES utf8mb4,  @@SESSION.sql_mode = CONCAT(CONCAT(@@sql_mode, ',STRICT_ALL_TABLES'), ',NO_AUTO_VALUE_ON_ZERO'),  @@SESSION.sql_auto_is_null = 0, @@SESSION.wait_timeout = 2147483[0m
Processing by ProductsController#index as HTML
  Rendering products/index.html.erb within layouts/application
  [1m[36mProduct Load (0.8ms)[0m  [1m[34mSELECT `products`.* FROM `products`[0m
  ↳ app/views/products/index.html.erb:4
  Rendered products/index.html.erb within layouts/application (Duration: 30.1ms | Allocations: 5661)
Completed 500 Internal Server Error in 50ms (ActiveRecord: 0.8ms | Allocations: 14669)


  
ActionView::Template::Error (The asset "application.js" is not present in the asset pipeline.
):
    4: <title>Depot</title>
    5: <%= csrf_meta_tags %>
    6: <%= stylesheet_link_tag 'application', media: 'all', 'data-turbolinks-track': 'reload' %>
    7: <%= javascript_include_tag 'application', 'data-turbolinks-track': 'reload' %>
    8: </head>
    9: <body class='<%= controller.controller_name %>'>
   10: <%= yield %>
  
app/views/layouts/application.html.erb:7
Started GET "/products" for 127.0.0.1 at 2020-12-23 17:47:07 +0600
Processing by ProductsController#index as HTML
  Rendering products/index.html.erb within layouts/application
  [1m[36mProduct Load (1.2ms)[0m  [1m[34mSELECT `products`.* FROM `products`[0m
  ↳ app/views/products/index.html.erb:4
  Rendered products/index.html.erb within layouts/application (Duration: 53.4ms | Allocations: 5488)
Completed 500 Internal Server Error in 72ms (ActiveRecord: 3.4ms | Allocations: 14522)


  
ActionView::Template::Error (The asset "application.js" is not present in the asset pipeline.
):
     6: 
     7:     <%= stylesheet_link_tag    'application', media: 'all',
     8:     'data-turbolinks-track': 'reload' %>
     9:     <%= javascript_include_tag 'application', 'data-turbolinks-track': 'reload' %>
    10:   </head>
    11: 
    12:   <body class='<%= controller.controller_name %>'>
  
app/views/layouts/application.html.erb:9
Started GET "/products" for 127.0.0.1 at 2020-12-23 17:48:28 +0600
Processing by ProductsController#index as HTML
  Rendering products/index.html.erb within layouts/application
  [1m[36mProduct Load (0.6ms)[0m  [1m[34mSELECT `products`.* FROM `products`[0m
  ↳ app/views/products/index.html.erb:6
  Rendered products/index.html.erb within layouts/application (Duration: 8.1ms | Allocations: 1885)
Completed 500 Internal Server Error in 25ms (ActiveRecord: 0.6ms | Allocations: 10556)


  
ActionView::Template::Error (The asset "application.js" is not present in the asset pipeline.
):
     6: 
     7:     <%= stylesheet_link_tag    'application', media: 'all',
     8:     'data-turbolinks-track': 'reload' %>
     9:     <%= javascript_include_tag 'application', 'data-turbolinks-track': 'reload' %>
    10:   </head>
    11: 
    12:   <body class='<%= controller.controller_name %>'>
  
app/views/layouts/application.html.erb:9
Started GET "/products" for 127.0.0.1 at 2020-12-23 17:49:59 +0600
Processing by ProductsController#index as HTML
  Rendering products/index.html.erb within layouts/application
  [1m[36mProduct Load (0.5ms)[0m  [1m[34mSELECT `products`.* FROM `products`[0m
  ↳ app/views/products/index.html.erb:6
  Rendered products/index.html.erb within layouts/application (Duration: 7.1ms | Allocations: 1615)
Completed 500 Internal Server Error in 17ms (ActiveRecord: 0.5ms | Allocations: 9425)


  
ActionView::Template::Error (The asset "application.js" is not present in the asset pipeline.
):
     6: 
     7:     <%= stylesheet_link_tag    'application', media: 'all',
     8:     'data-turbolinks-track': 'reload' %>
     9:     <%= javascript_include_tag 'application', 'data-turbolinks-track': 'reload' %>
    10:   </head>
    11: 
    12:   <body class='<%= controller.controller_name %>'>
  
app/views/layouts/application.html.erb:9
Started GET "/products" for 127.0.0.1 at 2020-12-23 17:50:01 +0600
Processing by ProductsController#index as HTML
  Rendering products/index.html.erb within layouts/application
  [1m[36mProduct Load (0.5ms)[0m  [1m[34mSELECT `products`.* FROM `products`[0m
  ↳ app/views/products/index.html.erb:6
  Rendered products/index.html.erb within layouts/application (Duration: 7.5ms | Allocations: 1596)
Completed 500 Internal Server Error in 27ms (ActiveRecord: 0.5ms | Allocations: 9355)


  
ActionView::Template::Error (The asset "application.js" is not present in the asset pipeline.
):
     6: 
     7:     <%= stylesheet_link_tag    'application', media: 'all',
     8:     'data-turbolinks-track': 'reload' %>
     9:     <%= javascript_include_tag 'application', 'data-turbolinks-track': 'reload' %>
    10:   </head>
    11: 
    12:   <body class='<%= controller.controller_name %>'>
  
app/views/layouts/application.html.erb:9
Started GET "/products" for 127.0.0.1 at 2020-12-23 17:50:50 +0600
  [1m[35m (2.3ms)[0m  [1m[35mSET NAMES utf8mb4,  @@SESSION.sql_mode = CONCAT(CONCAT(@@sql_mode, ',STRICT_ALL_TABLES'), ',NO_AUTO_VALUE_ON_ZERO'),  @@SESSION.sql_auto_is_null = 0, @@SESSION.wait_timeout = 2147483[0m
  [1m[35m (0.3ms)[0m  [1m[34mSELECT `schema_migrations`.`version` FROM `schema_migrations` ORDER BY `schema_migrations`.`version` ASC[0m
Processing by ProductsController#index as HTML
  Rendering products/index.html.erb within layouts/application
  [1m[36mProduct Load (0.7ms)[0m  [1m[34mSELECT `products`.* FROM `products`[0m
  ↳ app/views/products/index.html.erb:6
  Rendered products/index.html.erb within layouts/application (Duration: 180.6ms | Allocations: 14722)
Completed 500 Internal Server Error in 276ms (ActiveRecord: 3.2ms | Allocations: 24922)


  
ActionView::Template::Error (The asset "application.js" is not present in the asset pipeline.
):
     6: 
     7:     <%= stylesheet_link_tag    'application', media: 'all',
     8:     'data-turbolinks-track': 'reload' %>
     9:     <%= javascript_include_tag 'application', 'data-turbolinks-track': 'reload' %>
    10:   </head>
    11: 
    12:   <body class='<%= controller.controller_name %>'>
  
app/views/layouts/application.html.erb:9
Started GET "/products" for 127.0.0.1 at 2020-12-23 17:52:26 +0600
  [1m[35m (0.5ms)[0m  [1m[35mSET NAMES utf8mb4,  @@SESSION.sql_mode = CONCAT(CONCAT(@@sql_mode, ',STRICT_ALL_TABLES'), ',NO_AUTO_VALUE_ON_ZERO'),  @@SESSION.sql_auto_is_null = 0, @@SESSION.wait_timeout = 2147483[0m
  [1m[35m (0.3ms)[0m  [1m[34mSELECT `schema_migrations`.`version` FROM `schema_migrations` ORDER BY `schema_migrations`.`version` ASC[0m
Processing by ProductsController#index as HTML
  Rendering products/index.html.erb within layouts/application
  [1m[36mProduct Load (0.9ms)[0m  [1m[34mSELECT `products`.* FROM `products`[0m
  ↳ app/views/products/index.html.erb:6
  Rendered products/index.html.erb within layouts/application (Duration: 48.4ms | Allocations: 12458)
Completed 500 Internal Server Error in 97ms (ActiveRecord: 2.8ms | Allocations: 22646)


  
ActionView::Template::Error (The asset "application.js" is not present in the asset pipeline.
):
     6: 
     7:     <%= stylesheet_link_tag    'application', media: 'all',
     8:     'data-turbolinks-track': 'reload' %>
     9:     <%= javascript_include_tag 'application', 'data-turbolinks-track': 'reload' %>
    10:   </head>
    11: 
    12:   <body class='<%= controller.controller_name %>'>
  
app/views/layouts/application.html.erb:9
Started GET "/products" for 127.0.0.1 at 2020-12-23 17:52:28 +0600
Processing by ProductsController#index as HTML
  Rendering products/index.html.erb within layouts/application
  [1m[36mProduct Load (0.5ms)[0m  [1m[34mSELECT `products`.* FROM `products`[0m
  ↳ app/views/products/index.html.erb:6
  Rendered products/index.html.erb within layouts/application (Duration: 8.3ms | Allocations: 1656)
Completed 500 Internal Server Error in 22ms (ActiveRecord: 0.5ms | Allocations: 9451)


  
ActionView::Template::Error (The asset "application.js" is not present in the asset pipeline.
):
     6: 
     7:     <%= stylesheet_link_tag    'application', media: 'all',
     8:     'data-turbolinks-track': 'reload' %>
     9:     <%= javascript_include_tag 'application', 'data-turbolinks-track': 'reload' %>
    10:   </head>
    11: 
    12:   <body class='<%= controller.controller_name %>'>
  
app/views/layouts/application.html.erb:9
Started GET "/products" for 127.0.0.1 at 2020-12-23 17:53:56 +0600
Processing by ProductsController#index as HTML
  Rendering products/index.html.erb within layouts/application
  [1m[36mProduct Load (0.6ms)[0m  [1m[34mSELECT `products`.* FROM `products`[0m
  ↳ app/views/products/index.html.erb:6
  Rendered products/index.html.erb within layouts/application (Duration: 7.5ms | Allocations: 1887)
[Webpacker] Everything's up-to-date. Nothing to do
Completed 200 OK in 28ms (Views: 26.5ms | ActiveRecord: 0.6ms | Allocations: 6149)


  [1m[35m (0.6ms)[0m  [1m[35mSET NAMES utf8mb4,  @@SESSION.sql_mode = CONCAT(CONCAT(@@sql_mode, ',STRICT_ALL_TABLES'), ',NO_AUTO_VALUE_ON_ZERO'),  @@SESSION.sql_auto_is_null = 0, @@SESSION.wait_timeout = 2147483[0m
  [1m[35m (0.3ms)[0m  [1m[34mSELECT `schema_migrations`.`version` FROM `schema_migrations` ORDER BY `schema_migrations`.`version` ASC[0m
  [1m[35m (0.3ms)[0m  [1m[35mSET NAMES utf8mb4,  @@SESSION.sql_mode = CONCAT(CONCAT(@@sql_mode, ',STRICT_ALL_TABLES'), ',NO_AUTO_VALUE_ON_ZERO'),  @@SESSION.sql_auto_is_null = 0, @@SESSION.wait_timeout = 2147483[0m
  [1m[36mProduct Destroy (142.6ms)[0m  [1m[31mDELETE FROM `products`[0m
  [1m[35m (0.2ms)[0m  [1m[35mBEGIN[0m
  [1m[36mProduct Create (0.8ms)[0m  [1m[32mINSERT INTO `products` (`title`, `description`, `image_url`, `price`, `created_at`, `updated_at`) VALUES ('Rails, Angular, Postgres, and Bootstrap', '<p>\n      <em>Powerful, Effective, and Efficient Full-Stack Web Development</em>\n      As a Rails developer, you care about user experience and performance,\n      but you also want simple and maintainable code. Achieve all that by\n      embracing the full stack of web development, from styling with\n      Bootstrap, building an interactive user interface with AngularJS, to\n      storing data quickly and reliably in PostgreSQL. Take a holistic view of\n      full-stack development to create usable, high-performing applications,\n      and learn to use these technologies effectively in a Ruby on Rails\n      environment.\n      </p>', 'dcbang.jpg', 45, '2020-12-23 11:56:57.632408', '2020-12-23 11:56:57.632408')[0m
  [1m[35m (51.0ms)[0m  [1m[35mCOMMIT[0m
  [1m[35m (0.2ms)[0m  [1m[35mBEGIN[0m
  [1m[36mProduct Create (0.5ms)[0m  [1m[32mINSERT INTO `products` (`title`, `description`, `image_url`, `price`, `created_at`, `updated_at`) VALUES ('Seven Mobile Apps in Seven Weeks', '<p>\n      <em>Native Apps, Multiple Platforms</em>\n      Answer the question “Can we build this for ALL the devices?” with a\n      resounding YES. This book will help you get there with a real-world\n      introduction to seven platforms, whether you’re new to mobile or an\n      experienced developer needing to expand your options. Plus, you’ll find\n      out which cross-platform solution makes the most sense for your needs.\n      </p>', '7apps.jpg', 26, '2020-12-23 11:56:57.694369', '2020-12-23 11:56:57.694369')[0m
  [1m[35m (56.1ms)[0m  [1m[35mCOMMIT[0m
  [1m[35m (0.3ms)[0m  [1m[35mBEGIN[0m
  [1m[36mProduct Create (0.5ms)[0m  [1m[32mINSERT INTO `products` (`title`, `description`, `image_url`, `price`, `created_at`, `updated_at`) VALUES ('Ruby Performance Optimization', '<p>\n      <em>Why Ruby Is Slow, and How to Fix It</em>\n      You don’t have to accept slow Ruby or Rails performance. In this\n      comprehensive guide to Ruby optimization, you’ll learn how to write\n      faster Ruby code—but that’s just the beginning. See exactly what makes\n      Ruby and Rails code slow, and how to fix it. Alex Dymo will guide you\n      through perils of memory and CPU optimization, profiling, measuring,\n      performance testing, garbage collection, and tuning. You’ll find that\n      all those “hard” things aren’t so difficult after all, and your code\n      will run orders of magnitude faster.\n      </p>', 'adrpo.jpg', 46, '2020-12-23 11:56:57.759813', '2020-12-23 11:56:57.759813')[0m
  [1m[35m (56.3ms)[0m  [1m[35mCOMMIT[0m
Started GET "/products" for 127.0.0.1 at 2020-12-23 17:57:01 +0600
Processing by ProductsController#index as HTML
  Rendering products/index.html.erb within layouts/application
  [1m[36mProduct Load (0.6ms)[0m  [1m[34mSELECT `products`.* FROM `products`[0m
  ↳ app/views/products/index.html.erb:6
  Rendered products/index.html.erb within layouts/application (Duration: 11.9ms | Allocations: 3217)
[Webpacker] Everything's up-to-date. Nothing to do
Completed 200 OK in 23ms (Views: 21.0ms | ActiveRecord: 0.6ms | Allocations: 6524)


Started GET "/products/3" for 127.0.0.1 at 2020-12-23 18:02:11 +0600
Processing by ProductsController#show as HTML
  Parameters: {"id"=>"3"}
  [1m[36mProduct Load (21.3ms)[0m  [1m[34mSELECT `products`.* FROM `products` WHERE `products`.`id` = 3 LIMIT 1[0m
  ↳ app/controllers/products_controller.rb:67:in `set_product'
  Rendering products/show.html.erb within layouts/application
  Rendered products/show.html.erb within layouts/application (Duration: 26.6ms | Allocations: 300)
[Webpacker] Everything's up-to-date. Nothing to do
Completed 200 OK in 101ms (Views: 37.7ms | ActiveRecord: 21.3ms | Allocations: 6302)


Started GET "/products/3" for 127.0.0.1 at 2020-12-23 18:02:20 +0600
Processing by ProductsController#show as HTML
  Parameters: {"id"=>"3"}
  [1m[36mProduct Load (0.9ms)[0m  [1m[34mSELECT `products`.* FROM `products` WHERE `products`.`id` = 3 LIMIT 1[0m
  ↳ app/controllers/products_controller.rb:67:in `set_product'
  Rendering products/show.html.erb within layouts/application
  Rendered products/show.html.erb within layouts/application (Duration: 1.2ms | Allocations: 89)
[Webpacker] Everything's up-to-date. Nothing to do
Completed 200 OK in 15ms (Views: 10.0ms | ActiveRecord: 0.9ms | Allocations: 4051)


Started GET "/products/3/edit" for 127.0.0.1 at 2020-12-23 18:02:23 +0600
Processing by ProductsController#edit as HTML
  Parameters: {"id"=>"3"}
  [1m[36mProduct Load (0.6ms)[0m  [1m[34mSELECT `products`.* FROM `products` WHERE `products`.`id` = 3 LIMIT 1[0m
  ↳ app/controllers/products_controller.rb:67:in `set_product'
  Rendering products/edit.html.erb within layouts/application
  Rendered products/_form.html.erb (Duration: 293.9ms | Allocations: 3174)
  Rendered products/edit.html.erb within layouts/application (Duration: 295.9ms | Allocations: 3552)
[Webpacker] Everything's up-to-date. Nothing to do
Completed 200 OK in 309ms (Views: 304.5ms | ActiveRecord: 0.6ms | Allocations: 7643)


Started GET "/products/3" for 127.0.0.1 at 2020-12-23 18:03:14 +0600
Processing by ProductsController#show as HTML
  Parameters: {"id"=>"3"}
  [1m[36mProduct Load (0.7ms)[0m  [1m[34mSELECT `products`.* FROM `products` WHERE `products`.`id` = 3 LIMIT 1[0m
  ↳ app/controllers/products_controller.rb:67:in `set_product'
  Rendering products/show.html.erb within layouts/application
  Rendered products/show.html.erb within layouts/application (Duration: 0.7ms | Allocations: 92)
[Webpacker] Everything's up-to-date. Nothing to do
Completed 200 OK in 16ms (Views: 11.2ms | ActiveRecord: 0.7ms | Allocations: 4069)


Started GET "/products/3" for 127.0.0.1 at 2020-12-23 18:07:40 +0600
Processing by ProductsController#show as HTML
  Parameters: {"id"=>"3"}
  [1m[36mProduct Load (0.5ms)[0m  [1m[34mSELECT `products`.* FROM `products` WHERE `products`.`id` = 3 LIMIT 1[0m
  ↳ app/controllers/products_controller.rb:67:in `set_product'
  Rendering products/show.html.erb within layouts/application
  Rendered products/show.html.erb within layouts/application (Duration: 0.5ms | Allocations: 89)
[Webpacker] Everything's up-to-date. Nothing to do
Completed 200 OK in 14ms (Views: 10.7ms | ActiveRecord: 0.5ms | Allocations: 4040)


  [1m[35m (0.6ms)[0m  [1m[35mSET NAMES utf8mb4,  @@SESSION.sql_mode = CONCAT(CONCAT(@@sql_mode, ',STRICT_ALL_TABLES'), ',NO_AUTO_VALUE_ON_ZERO'),  @@SESSION.sql_auto_is_null = 0, @@SESSION.wait_timeout = 2147483[0m
  [1m[35m (0.7ms)[0m  [1m[34mSELECT `schema_migrations`.`version` FROM `schema_migrations` ORDER BY `schema_migrations`.`version` ASC[0m
Started GET "/" for 127.0.0.1 at 2020-12-24 11:00:35 +0600
  [1m[35m (46.2ms)[0m  [1m[35mSET NAMES utf8mb4,  @@SESSION.sql_mode = CONCAT(CONCAT(@@sql_mode, ',STRICT_ALL_TABLES'), ',NO_AUTO_VALUE_ON_ZERO'),  @@SESSION.sql_auto_is_null = 0, @@SESSION.wait_timeout = 2147483[0m
  [1m[35m (0.6ms)[0m  [1m[34mSELECT `schema_migrations`.`version` FROM `schema_migrations` ORDER BY `schema_migrations`.`version` ASC[0m
Processing by Rails::WelcomeController#index as HTML
  Rendering /home/nascenia/.rvm/gems/ruby-2.7.2/gems/railties-6.0.3.4/lib/rails/templates/rails/welcome/index.html.erb
  Rendered /home/nascenia/.rvm/gems/ruby-2.7.2/gems/railties-6.0.3.4/lib/rails/templates/rails/welcome/index.html.erb (Duration: 26.9ms | Allocations: 294)
Completed 200 OK in 91ms (Views: 32.8ms | ActiveRecord: 0.0ms | Allocations: 2061)


Started GET "/products" for 127.0.0.1 at 2020-12-24 11:00:41 +0600
Processing by ProductsController#index as HTML
Completed 500 Internal Server Error in 45ms (ActiveRecord: 0.0ms | Allocations: 1928)


  
NoMethodError (undefined method `validates' for main:Object):
  
app/models/product.rb:3:in `<main>'
app/controllers/products_controller.rb:7:in `index'
Started GET "/products" for 127.0.0.1 at 2020-12-24 11:01:18 +0600
Processing by ProductsController#index as HTML
  Rendering products/index.html.erb within layouts/application
  [1m[36mProduct Load (31.4ms)[0m  [1m[34mSELECT `products`.* FROM `products`[0m
  ↳ app/views/products/index.html.erb:6
  Rendered products/index.html.erb within layouts/application (Duration: 316.8ms | Allocations: 13970)
[Webpacker] Everything's up-to-date. Nothing to do
Completed 200 OK in 392ms (Views: 354.0ms | ActiveRecord: 33.7ms | Allocations: 18857)


Started GET "/products/new" for 127.0.0.1 at 2020-12-24 11:01:22 +0600
Processing by ProductsController#new as HTML
  Rendering products/new.html.erb within layouts/application
  Rendered products/_form.html.erb (Duration: 183.5ms | Allocations: 3108)
  Rendered products/new.html.erb within layouts/application (Duration: 242.9ms | Allocations: 3438)
[Webpacker] Everything's up-to-date. Nothing to do
Completed 200 OK in 254ms (Views: 252.5ms | ActiveRecord: 0.0ms | Allocations: 6975)


Started POST "/products" for 127.0.0.1 at 2020-12-24 11:01:24 +0600
Processing by ProductsController#create as HTML
  Parameters: {"authenticity_token"=>"AHrkiLLZR2k55SJqUH39fMCTixnteGl0Ad7jLtKka41YWJbF4icnBd+A+DW7hmKcO8Skq5B93HV+AnddOM0ohQ==", "product"=>{"title"=>"", "description"=>"", "image_url"=>"", "price"=>""}, "commit"=>"Create Product"}
  Rendering products/new.html.erb within layouts/application
  Rendered products/_form.html.erb (Duration: 4.6ms | Allocations: 1532)
  Rendered products/new.html.erb within layouts/application (Duration: 5.1ms | Allocations: 1614)
[Webpacker] Everything's up-to-date. Nothing to do
Completed 200 OK in 24ms (Views: 18.4ms | ActiveRecord: 0.0ms | Allocations: 6659)


Started POST "/products" for 127.0.0.1 at 2020-12-24 11:02:22 +0600
Processing by ProductsController#create as HTML
  Parameters: {"authenticity_token"=>"KcEl+DyXKPY2JaQ4xuuLZ/fLr5cOsq0630w75tACfyh7bhxN3SLxiwDb23YpmbTcbrshc6jiNO2wOpNbx7AYiw==", "product"=>{"title"=>"e", "description"=>"e", "image_url"=>"e", "price"=>"e"}, "commit"=>"Create Product"}
  Rendering products/new.html.erb within layouts/application
  Rendered products/_form.html.erb (Duration: 3.0ms | Allocations: 1255)
  Rendered products/new.html.erb within layouts/application (Duration: 3.3ms | Allocations: 1339)
[Webpacker] Everything's up-to-date. Nothing to do
Completed 200 OK in 26ms (Views: 9.6ms | ActiveRecord: 1.3ms | Allocations: 10678)


Started GET "/store/index" for 127.0.0.1 at 2020-12-24 12:43:04 +0600
  [1m[35m (0.5ms)[0m  [1m[35mSET NAMES utf8mb4,  @@SESSION.sql_mode = CONCAT(CONCAT(@@sql_mode, ',STRICT_ALL_TABLES'), ',NO_AUTO_VALUE_ON_ZERO'),  @@SESSION.sql_auto_is_null = 0, @@SESSION.wait_timeout = 2147483[0m
  [1m[35m (0.4ms)[0m  [1m[34mSELECT `schema_migrations`.`version` FROM `schema_migrations` ORDER BY `schema_migrations`.`version` ASC[0m
Processing by StoreController#index as HTML
  Rendering store/index.html.erb within layouts/application
  Rendered store/index.html.erb within layouts/application (Duration: 0.7ms | Allocations: 187)
[Webpacker] Everything's up-to-date. Nothing to do
Completed 200 OK in 263ms (Views: 248.6ms | ActiveRecord: 0.0ms | Allocations: 27005)


Started GET "/" for 127.0.0.1 at 2020-12-24 12:46:23 +0600
Processing by StoreController#index as HTML
  Rendering store/index.html.erb within layouts/application
  Rendered store/index.html.erb within layouts/application (Duration: 0.1ms | Allocations: 5)
[Webpacker] Everything's up-to-date. Nothing to do
Completed 200 OK in 9ms (Views: 8.6ms | ActiveRecord: 0.0ms | Allocations: 3540)


Started GET "/" for 127.0.0.1 at 2020-12-24 12:52:28 +0600
  [1m[35m (0.4ms)[0m  [1m[35mSET NAMES utf8mb4,  @@SESSION.sql_mode = CONCAT(CONCAT(@@sql_mode, ',STRICT_ALL_TABLES'), ',NO_AUTO_VALUE_ON_ZERO'),  @@SESSION.sql_auto_is_null = 0, @@SESSION.wait_timeout = 2147483[0m
Processing by StoreController#index as HTML
  Rendering store/index.html.erb within layouts/application
  [1m[36mProduct Load (0.6ms)[0m  [1m[34mSELECT `products`.* FROM `products` ORDER BY `products`.`title` ASC[0m
  ↳ app/views/store/index.html.erb:5
  Rendered store/index.html.erb within layouts/application (Duration: 20.3ms | Allocations: 6323)
[Webpacker] Everything's up-to-date. Nothing to do
Completed 200 OK in 34ms (Views: 27.7ms | ActiveRecord: 2.7ms | Allocations: 11869)


Started GET "/" for 127.0.0.1 at 2020-12-24 12:58:51 +0600
  [1m[35m (0.3ms)[0m  [1m[35mSET NAMES utf8mb4,  @@SESSION.sql_mode = CONCAT(CONCAT(@@sql_mode, ',STRICT_ALL_TABLES'), ',NO_AUTO_VALUE_ON_ZERO'),  @@SESSION.sql_auto_is_null = 0, @@SESSION.wait_timeout = 2147483[0m
Processing by StoreController#index as HTML
  Rendering store/index.html.erb within layouts/application
  [1m[36mProduct Load (0.9ms)[0m  [1m[34mSELECT `products`.* FROM `products` ORDER BY `products`.`title` ASC[0m
  ↳ app/views/store/index.html.erb:5
  Rendered store/index.html.erb within layouts/application (Duration: 11.4ms | Allocations: 2534)
[Webpacker] Everything's up-to-date. Nothing to do
Completed 200 OK in 64ms (Views: 61.8ms | ActiveRecord: 0.9ms | Allocations: 15141)


Started GET "/store/index" for 127.0.0.1 at 2020-12-24 13:06:00 +0600
  [1m[35m (0.5ms)[0m  [1m[35mSET NAMES utf8mb4,  @@SESSION.sql_mode = CONCAT(CONCAT(@@sql_mode, ',STRICT_ALL_TABLES'), ',NO_AUTO_VALUE_ON_ZERO'),  @@SESSION.sql_auto_is_null = 0, @@SESSION.wait_timeout = 2147483[0m
  
ActionController::RoutingError (No route matches [GET] "/store/index"):
  
actionpack (6.0.3.4) lib/action_dispatch/middleware/debug_exceptions.rb:36:in `call'
web-console (4.1.0) lib/web_console/middleware.rb:132:in `call_app'
web-console (4.1.0) lib/web_console/middleware.rb:28:in `block in call'
web-console (4.1.0) lib/web_console/middleware.rb:17:in `catch'
web-console (4.1.0) lib/web_console/middleware.rb:17:in `call'
actionpack (6.0.3.4) lib/action_dispatch/middleware/show_exceptions.rb:33:in `call'
railties (6.0.3.4) lib/rails/rack/logger.rb:37:in `call_app'
railties (6.0.3.4) lib/rails/rack/logger.rb:26:in `block in call'
activesupport (6.0.3.4) lib/active_support/tagged_logging.rb:80:in `block in tagged'
activesupport (6.0.3.4) lib/active_support/tagged_logging.rb:28:in `tagged'
activesupport (6.0.3.4) lib/active_support/tagged_logging.rb:80:in `tagged'
railties (6.0.3.4) lib/rails/rack/logger.rb:26:in `call'
sprockets-rails (3.2.2) lib/sprockets/rails/quiet_assets.rb:13:in `call'
actionpack (6.0.3.4) lib/action_dispatch/middleware/remote_ip.rb:81:in `call'
actionpack (6.0.3.4) lib/action_dispatch/middleware/request_id.rb:27:in `call'
rack (2.2.3) lib/rack/method_override.rb:24:in `call'
rack (2.2.3) lib/rack/runtime.rb:22:in `call'
activesupport (6.0.3.4) lib/active_support/cache/strategy/local_cache_middleware.rb:29:in `call'
actionpack (6.0.3.4) lib/action_dispatch/middleware/executor.rb:14:in `call'
actionpack (6.0.3.4) lib/action_dispatch/middleware/static.rb:126:in `call'
rack (2.2.3) lib/rack/sendfile.rb:110:in `call'
actionpack (6.0.3.4) lib/action_dispatch/middleware/host_authorization.rb:82:in `call'
webpacker (4.3.0) lib/webpacker/dev_server_proxy.rb:23:in `perform_request'
rack-proxy (0.6.5) lib/rack/proxy.rb:57:in `call'
railties (6.0.3.4) lib/rails/engine.rb:527:in `call'
puma (4.3.7) lib/puma/configuration.rb:228:in `call'
puma (4.3.7) lib/puma/server.rb:713:in `handle_request'
puma (4.3.7) lib/puma/server.rb:472:in `process_client'
puma (4.3.7) lib/puma/server.rb:328:in `block in run'
puma (4.3.7) lib/puma/thread_pool.rb:134:in `block in spawn_thread'
Started GET "/" for 127.0.0.1 at 2020-12-24 13:06:10 +0600
Processing by StoreController#index as HTML
  Rendering store/index.html.erb within layouts/application
  [1m[36mProduct Load (0.8ms)[0m  [1m[34mSELECT `products`.* FROM `products` ORDER BY `products`.`title` ASC[0m
  ↳ app/views/store/index.html.erb:5
  Rendered store/index.html.erb within layouts/application (Duration: 10.2ms | Allocations: 2756)
Completed 500 Internal Server Error in 26ms (ActiveRecord: 0.8ms | Allocations: 11656)


  
ActionView::Template::Error (The asset "application.js" is not present in the asset pipeline.
):
     8: 
     9:     <%= stylesheet_link_tag    'application', media: 'all',
    10:     'data-turbolinks-track': 'reload' %>
    11:     <%= javascript_include_tag 'application', 'data-turbolinks-track': 'reload' %>
    12:   </head>
    13: 
    14:   <body class="<%= controller.controller_name %>">
  
app/views/layouts/application.html.erb:11
Started GET "/" for 127.0.0.1 at 2020-12-24 13:07:27 +0600
Processing by StoreController#index as HTML
  Rendering store/index.html.erb within layouts/application
  [1m[36mProduct Load (0.5ms)[0m  [1m[34mSELECT `products`.* FROM `products` ORDER BY `products`.`title` ASC[0m
  ↳ app/views/store/index.html.erb:5
  Rendered store/index.html.erb within layouts/application (Duration: 9.8ms | Allocations: 2722)
[Webpacker] Everything's up-to-date. Nothing to do
Completed 200 OK in 23ms (Views: 20.5ms | ActiveRecord: 0.5ms | Allocations: 7002)


Started GET "/" for 127.0.0.1 at 2020-12-24 13:08:19 +0600
Processing by StoreController#index as HTML
  Rendering store/index.html.erb within layouts/application
  [1m[36mProduct Load (0.7ms)[0m  [1m[34mSELECT `products`.* FROM `products` ORDER BY `products`.`title` ASC[0m
  ↳ app/views/store/index.html.erb:5
  Rendered store/index.html.erb within layouts/application (Duration: 8.9ms | Allocations: 2715)
[Webpacker] Everything's up-to-date. Nothing to do
Completed 200 OK in 21ms (Views: 18.3ms | ActiveRecord: 0.7ms | Allocations: 7566)


Started GET "/" for 127.0.0.1 at 2020-12-24 14:00:22 +0600
  [1m[35m (0.4ms)[0m  [1m[35mSET NAMES utf8mb4,  @@SESSION.sql_mode = CONCAT(CONCAT(@@sql_mode, ',STRICT_ALL_TABLES'), ',NO_AUTO_VALUE_ON_ZERO'),  @@SESSION.sql_auto_is_null = 0, @@SESSION.wait_timeout = 2147483[0m
Processing by StoreController#index as HTML
  Rendering store/index.html.erb within layouts/application
  [1m[36mProduct Load (0.9ms)[0m  [1m[34mSELECT `products`.* FROM `products` ORDER BY `products`.`title` ASC[0m
  ↳ app/views/store/index.html.erb:5
  Rendered store/index.html.erb within layouts/application (Duration: 12.4ms | Allocations: 2530)
[Webpacker] Everything's up-to-date. Nothing to do
Completed 200 OK in 76ms (Views: 73.1ms | ActiveRecord: 0.9ms | Allocations: 13865)


Started GET "/" for 127.0.0.1 at 2020-12-24 14:35:07 +0600
  [1m[35m (0.4ms)[0m  [1m[35mSET NAMES utf8mb4,  @@SESSION.sql_mode = CONCAT(CONCAT(@@sql_mode, ',STRICT_ALL_TABLES'), ',NO_AUTO_VALUE_ON_ZERO'),  @@SESSION.sql_auto_is_null = 0, @@SESSION.wait_timeout = 2147483[0m
Processing by StoreController#index as HTML
  Rendering store/index.html.erb within layouts/application
  [1m[36mProduct Load (0.8ms)[0m  [1m[34mSELECT `products`.* FROM `products` ORDER BY `products`.`title` ASC[0m
  ↳ app/views/store/index.html.erb:5
  Rendered store/index.html.erb within layouts/application (Duration: 10.4ms | Allocations: 2734)
[Webpacker] Everything's up-to-date. Nothing to do
Completed 200 OK in 24ms (Views: 20.9ms | ActiveRecord: 0.8ms | Allocations: 7578)


Started GET "/" for 127.0.0.1 at 2020-12-24 14:41:08 +0600
  [1m[35m (0.7ms)[0m  [1m[35mSET NAMES utf8mb4,  @@SESSION.sql_mode = CONCAT(CONCAT(@@sql_mode, ',STRICT_ALL_TABLES'), ',NO_AUTO_VALUE_ON_ZERO'),  @@SESSION.sql_auto_is_null = 0, @@SESSION.wait_timeout = 2147483[0m
  [1m[35m (0.3ms)[0m  [1m[34mSELECT `schema_migrations`.`version` FROM `schema_migrations` ORDER BY `schema_migrations`.`version` ASC[0m
Processing by StoreController#index as HTML
  Rendering store/index.html.erb within layouts/application
  [1m[36mProduct Load (0.5ms)[0m  [1m[34mSELECT `products`.* FROM `products` ORDER BY `products`.`title` ASC[0m
  ↳ app/views/store/index.html.erb:5
  Rendered store/index.html.erb within layouts/application (Duration: 156.3ms | Allocations: 22612)
[Webpacker] Everything's up-to-date. Nothing to do
Completed 200 OK in 196ms (Views: 181.9ms | ActiveRecord: 2.8ms | Allocations: 29511)


Started GET "/" for 127.0.0.1 at 2020-12-24 14:45:59 +0600
Processing by StoreController#index as HTML
  Rendering store/index.html.erb within layouts/application
  [1m[36mProduct Load (0.6ms)[0m  [1m[34mSELECT `products`.* FROM `products` ORDER BY `products`.`title` ASC[0m
  ↳ app/views/store/index.html.erb:5
  Rendered store/index.html.erb within layouts/application (Duration: 14.1ms | Allocations: 2829)
[Webpacker] Everything's up-to-date. Nothing to do
Completed 200 OK in 26ms (Views: 24.3ms | ActiveRecord: 0.6ms | Allocations: 6606)


  [1m[35m (0.6ms)[0m  [1m[35mSET NAMES utf8mb4,  @@SESSION.sql_mode = CONCAT(CONCAT(@@sql_mode, ',STRICT_ALL_TABLES'), ',NO_AUTO_VALUE_ON_ZERO'),  @@SESSION.sql_auto_is_null = 0, @@SESSION.wait_timeout = 2147483[0m
  [1m[35m (0.4ms)[0m  [1m[35mSET NAMES utf8mb4,  @@SESSION.sql_mode = CONCAT(CONCAT(@@sql_mode, ',STRICT_ALL_TABLES'), ',NO_AUTO_VALUE_ON_ZERO'),  @@SESSION.sql_auto_is_null = 0, @@SESSION.wait_timeout = 2147483[0m
  [1m[35m (0.4ms)[0m  [1m[34mSELECT GET_LOCK('6958702983027556635', 0)[0m
  [1m[35m (0.6ms)[0m  [1m[34mSELECT `schema_migrations`.`version` FROM `schema_migrations` ORDER BY `schema_migrations`.`version` ASC[0m
Migrating to CreateCarts (20201224091455)
  [1m[35m (347.9ms)[0m  [1m[35mCREATE TABLE `carts` (`id` bigint NOT NULL AUTO_INCREMENT PRIMARY KEY, `created_at` datetime(6) NOT NULL, `updated_at` datetime(6) NOT NULL)[0m
  [1m[35m (0.2ms)[0m  [1m[35mBEGIN[0m
  [1m[36mprimary::SchemaMigration Create (0.5ms)[0m  [1m[32mINSERT INTO `schema_migrations` (`version`) VALUES ('20201224091455')[0m
  [1m[35m (83.2ms)[0m  [1m[35mCOMMIT[0m
  [1m[36mActiveRecord::InternalMetadata Load (0.7ms)[0m  [1m[34mSELECT `ar_internal_metadata`.* FROM `ar_internal_metadata` WHERE `ar_internal_metadata`.`key` = 'environment' LIMIT 1[0m
  [1m[35m (0.4ms)[0m  [1m[34mSELECT RELEASE_LOCK('6958702983027556635')[0m
  [1m[35m (0.4ms)[0m  [1m[35mSET NAMES utf8mb4,  @@SESSION.sql_mode = CONCAT(CONCAT(@@sql_mode, ',STRICT_ALL_TABLES'), ',NO_AUTO_VALUE_ON_ZERO'),  @@SESSION.sql_auto_is_null = 0, @@SESSION.wait_timeout = 2147483[0m
  [1m[35m (0.2ms)[0m  [1m[34mSELECT `schema_migrations`.`version` FROM `schema_migrations` ORDER BY `schema_migrations`.`version` ASC[0m
Started GET "/" for 127.0.0.1 at 2020-12-24 15:19:29 +0600
  [1m[35m (0.8ms)[0m  [1m[35mSET NAMES utf8mb4,  @@SESSION.sql_mode = CONCAT(CONCAT(@@sql_mode, ',STRICT_ALL_TABLES'), ',NO_AUTO_VALUE_ON_ZERO'),  @@SESSION.sql_auto_is_null = 0, @@SESSION.wait_timeout = 2147483[0m
  [1m[35m (0.5ms)[0m  [1m[34mSELECT `schema_migrations`.`version` FROM `schema_migrations` ORDER BY `schema_migrations`.`version` ASC[0m
Processing by StoreController#index as HTML
  Rendering store/index.html.erb within layouts/application
  [1m[35m (1.7ms)[0m  [1m[34mSELECT COUNT(*) AS `size`, MAX(`products`.`updated_at`) AS timestamp FROM `products`[0m
  ↳ app/views/store/index.html.erb:5
Read fragment views/store/index:8d3e2274c6f31d6c045f1bd39e63458e/products/query-506a174241d7c9e3a3f4b802158a9af1-3-20201223115657759813 (7.3ms)
  [1m[36mProduct Load (0.7ms)[0m  [1m[34mSELECT `products`.* FROM `products` ORDER BY `products`.`title` ASC[0m
  ↳ app/views/store/index.html.erb:6
Read fragment views/store/index:8d3e2274c6f31d6c045f1bd39e63458e/products/3-20201223115657632408 (0.2ms)
Write fragment views/store/index:8d3e2274c6f31d6c045f1bd39e63458e/products/3-20201223115657632408 (0.3ms)
Read fragment views/store/index:8d3e2274c6f31d6c045f1bd39e63458e/products/5-20201223115657759813 (0.3ms)
Write fragment views/store/index:8d3e2274c6f31d6c045f1bd39e63458e/products/5-20201223115657759813 (0.2ms)
Read fragment views/store/index:8d3e2274c6f31d6c045f1bd39e63458e/products/4-20201223115657694369 (0.2ms)
Write fragment views/store/index:8d3e2274c6f31d6c045f1bd39e63458e/products/4-20201223115657694369 (0.2ms)
Write fragment views/store/index:8d3e2274c6f31d6c045f1bd39e63458e/products/query-506a174241d7c9e3a3f4b802158a9af1-3-20201223115657759813 (0.5ms)
  Rendered store/index.html.erb within layouts/application (Duration: 151.3ms | Allocations: 29692)
[Webpacker] Everything's up-to-date. Nothing to do
Completed 200 OK in 197ms (Views: 175.7ms | ActiveRecord: 4.5ms | Allocations: 41720)


Started GET "/" for 127.0.0.1 at 2020-12-24 15:19:31 +0600
Processing by StoreController#index as HTML
  Rendering store/index.html.erb within layouts/application
  [1m[35m (0.6ms)[0m  [1m[34mSELECT COUNT(*) AS `size`, MAX(`products`.`updated_at`) AS timestamp FROM `products`[0m
  ↳ app/views/store/index.html.erb:5
Read fragment views/store/index:8d3e2274c6f31d6c045f1bd39e63458e/products/query-506a174241d7c9e3a3f4b802158a9af1-3-20201223115657759813 (5.6ms)
  Rendered store/index.html.erb within layouts/application (Duration: 6.2ms | Allocations: 947)
[Webpacker] Everything's up-to-date. Nothing to do
Completed 200 OK in 16ms (Views: 14.7ms | ActiveRecord: 0.6ms | Allocations: 4940)


Started GET "/products" for 127.0.0.1 at 2020-12-24 15:19:51 +0600
Processing by ProductsController#index as HTML
  Rendering products/index.html.erb within layouts/application
  [1m[36mProduct Load (0.5ms)[0m  [1m[34mSELECT `products`.* FROM `products`[0m
  ↳ app/views/products/index.html.erb:6
  Rendered products/index.html.erb within layouts/application (Duration: 11.1ms | Allocations: 3513)
[Webpacker] Everything's up-to-date. Nothing to do
Completed 200 OK in 24ms (Views: 21.2ms | ActiveRecord: 0.5ms | Allocations: 8054)


Started GET "/" for 127.0.0.1 at 2020-12-24 15:25:52 +0600
  [1m[35m (0.4ms)[0m  [1m[35mSET NAMES utf8mb4,  @@SESSION.sql_mode = CONCAT(CONCAT(@@sql_mode, ',STRICT_ALL_TABLES'), ',NO_AUTO_VALUE_ON_ZERO'),  @@SESSION.sql_auto_is_null = 0, @@SESSION.wait_timeout = 2147483[0m
Processing by StoreController#index as HTML
  Rendering store/index.html.erb within layouts/application
  [1m[35m (0.5ms)[0m  [1m[34mSELECT COUNT(*) AS `size`, MAX(`products`.`updated_at`) AS timestamp FROM `products`[0m
  ↳ app/views/store/index.html.erb:5
Read fragment views/store/index:8d3e2274c6f31d6c045f1bd39e63458e/products/query-506a174241d7c9e3a3f4b802158a9af1-3-20201223115657759813 (4.8ms)
  Rendered store/index.html.erb within layouts/application (Duration: 5.4ms | Allocations: 1036)
[Webpacker] Everything's up-to-date. Nothing to do
Completed 200 OK in 22ms (Views: 16.3ms | ActiveRecord: 0.5ms | Allocations: 6222)


Started GET "/" for 127.0.0.1 at 2020-12-24 15:25:54 +0600
Processing by StoreController#index as HTML
  Rendering store/index.html.erb within layouts/application
  [1m[35m (0.5ms)[0m  [1m[34mSELECT COUNT(*) AS `size`, MAX(`products`.`updated_at`) AS timestamp FROM `products`[0m
  ↳ app/views/store/index.html.erb:5
Read fragment views/store/index:8d3e2274c6f31d6c045f1bd39e63458e/products/query-506a174241d7c9e3a3f4b802158a9af1-3-20201223115657759813 (3.4ms)
  Rendered store/index.html.erb within layouts/application (Duration: 3.9ms | Allocations: 945)
[Webpacker] Everything's up-to-date. Nothing to do
Completed 200 OK in 18ms (Views: 16.5ms | ActiveRecord: 0.5ms | Allocations: 4940)


Started GET "/" for 127.0.0.1 at 2020-12-24 15:42:10 +0600
  [1m[35m (0.5ms)[0m  [1m[35mSET NAMES utf8mb4,  @@SESSION.sql_mode = CONCAT(CONCAT(@@sql_mode, ',STRICT_ALL_TABLES'), ',NO_AUTO_VALUE_ON_ZERO'),  @@SESSION.sql_auto_is_null = 0, @@SESSION.wait_timeout = 2147483[0m
Processing by StoreController#index as HTML
  Rendering store/index.html.erb within layouts/application
  [1m[35m (0.7ms)[0m  [1m[34mSELECT COUNT(*) AS `size`, MAX(`products`.`updated_at`) AS timestamp FROM `products`[0m
  ↳ app/views/store/index.html.erb:5
Read fragment views/store/index:8d3e2274c6f31d6c045f1bd39e63458e/products/query-506a174241d7c9e3a3f4b802158a9af1-3-20201223115657759813 (3.2ms)
  Rendered store/index.html.erb within layouts/application (Duration: 3.7ms | Allocations: 935)
[Webpacker] Everything's up-to-date. Nothing to do
Completed 200 OK in 27ms (Views: 24.8ms | ActiveRecord: 0.7ms | Allocations: 4949)


Started GET "/say/hello" for 127.0.0.1 at 2020-12-24 15:45:59 +0600
  
ActionController::RoutingError (No route matches [GET] "/say/hello"):
  
actionpack (6.0.3.4) lib/action_dispatch/middleware/debug_exceptions.rb:36:in `call'
web-console (4.1.0) lib/web_console/middleware.rb:132:in `call_app'
web-console (4.1.0) lib/web_console/middleware.rb:28:in `block in call'
web-console (4.1.0) lib/web_console/middleware.rb:17:in `catch'
web-console (4.1.0) lib/web_console/middleware.rb:17:in `call'
actionpack (6.0.3.4) lib/action_dispatch/middleware/show_exceptions.rb:33:in `call'
railties (6.0.3.4) lib/rails/rack/logger.rb:37:in `call_app'
railties (6.0.3.4) lib/rails/rack/logger.rb:26:in `block in call'
activesupport (6.0.3.4) lib/active_support/tagged_logging.rb:80:in `block in tagged'
activesupport (6.0.3.4) lib/active_support/tagged_logging.rb:28:in `tagged'
activesupport (6.0.3.4) lib/active_support/tagged_logging.rb:80:in `tagged'
railties (6.0.3.4) lib/rails/rack/logger.rb:26:in `call'
sprockets-rails (3.2.2) lib/sprockets/rails/quiet_assets.rb:13:in `call'
actionpack (6.0.3.4) lib/action_dispatch/middleware/remote_ip.rb:81:in `call'
actionpack (6.0.3.4) lib/action_dispatch/middleware/request_id.rb:27:in `call'
rack (2.2.3) lib/rack/method_override.rb:24:in `call'
rack (2.2.3) lib/rack/runtime.rb:22:in `call'
actionpack (6.0.3.4) lib/action_dispatch/middleware/executor.rb:14:in `call'
actionpack (6.0.3.4) lib/action_dispatch/middleware/static.rb:126:in `call'
rack (2.2.3) lib/rack/sendfile.rb:110:in `call'
actionpack (6.0.3.4) lib/action_dispatch/middleware/host_authorization.rb:82:in `call'
webpacker (4.3.0) lib/webpacker/dev_server_proxy.rb:23:in `perform_request'
rack-proxy (0.6.5) lib/rack/proxy.rb:57:in `call'
railties (6.0.3.4) lib/rails/engine.rb:527:in `call'
puma (4.3.7) lib/puma/configuration.rb:228:in `call'
puma (4.3.7) lib/puma/server.rb:713:in `handle_request'
puma (4.3.7) lib/puma/server.rb:472:in `process_client'
puma (4.3.7) lib/puma/server.rb:328:in `block in run'
puma (4.3.7) lib/puma/thread_pool.rb:134:in `block in spawn_thread'
  [1m[35m (0.5ms)[0m  [1m[35mSET NAMES utf8mb4,  @@SESSION.sql_mode = CONCAT(CONCAT(@@sql_mode, ',STRICT_ALL_TABLES'), ',NO_AUTO_VALUE_ON_ZERO'),  @@SESSION.sql_auto_is_null = 0, @@SESSION.wait_timeout = 2147483[0m
  [1m[35m (0.4ms)[0m  [1m[35mSET NAMES utf8mb4,  @@SESSION.sql_mode = CONCAT(CONCAT(@@sql_mode, ',STRICT_ALL_TABLES'), ',NO_AUTO_VALUE_ON_ZERO'),  @@SESSION.sql_auto_is_null = 0, @@SESSION.wait_timeout = 2147483[0m
  [1m[35m (0.3ms)[0m  [1m[34mSELECT GET_LOCK('6958702983027556635', 0)[0m
  [1m[35m (0.5ms)[0m  [1m[34mSELECT `schema_migrations`.`version` FROM `schema_migrations` ORDER BY `schema_migrations`.`version` ASC[0m
Migrating to CreateLineItems (20201224094710)
  [1m[35m (496.8ms)[0m  [1m[35mCREATE TABLE `line_items` (`id` bigint NOT NULL AUTO_INCREMENT PRIMARY KEY, `product_id` bigint NOT NULL, `cart_id` bigint NOT NULL, `created_at` datetime(6) NOT NULL, `updated_at` datetime(6) NOT NULL,  INDEX `index_line_items_on_product_id`  (`product_id`),  INDEX `index_line_items_on_cart_id`  (`cart_id`), CONSTRAINT `fk_rails_11e15d5c6b`
FOREIGN KEY (`product_id`)
  REFERENCES `products` (`id`)
, CONSTRAINT `fk_rails_af645e8e5f`
FOREIGN KEY (`cart_id`)
  REFERENCES `carts` (`id`)
)[0m
  [1m[35m (0.2ms)[0m  [1m[35mBEGIN[0m
  [1m[36mprimary::SchemaMigration Create (0.8ms)[0m  [1m[32mINSERT INTO `schema_migrations` (`version`) VALUES ('20201224094710')[0m
  [1m[35m (104.6ms)[0m  [1m[35mCOMMIT[0m
  [1m[36mActiveRecord::InternalMetadata Load (0.7ms)[0m  [1m[34mSELECT `ar_internal_metadata`.* FROM `ar_internal_metadata` WHERE `ar_internal_metadata`.`key` = 'environment' LIMIT 1[0m
  [1m[35m (0.4ms)[0m  [1m[34mSELECT RELEASE_LOCK('6958702983027556635')[0m
  [1m[35m (0.3ms)[0m  [1m[35mSET NAMES utf8mb4,  @@SESSION.sql_mode = CONCAT(CONCAT(@@sql_mode, ',STRICT_ALL_TABLES'), ',NO_AUTO_VALUE_ON_ZERO'),  @@SESSION.sql_auto_is_null = 0, @@SESSION.wait_timeout = 2147483[0m
  [1m[35m (0.4ms)[0m  [1m[34mSELECT `schema_migrations`.`version` FROM `schema_migrations` ORDER BY `schema_migrations`.`version` ASC[0m
Started GET "/" for 127.0.0.1 at 2020-12-24 18:32:15 +0600
  [1m[35m (0.3ms)[0m  [1m[35mSET NAMES utf8mb4,  @@SESSION.sql_mode = CONCAT(CONCAT(@@sql_mode, ',STRICT_ALL_TABLES'), ',NO_AUTO_VALUE_ON_ZERO'),  @@SESSION.sql_auto_is_null = 0, @@SESSION.wait_timeout = 2147483[0m
  [1m[35m (0.6ms)[0m  [1m[34mSELECT `schema_migrations`.`version` FROM `schema_migrations` ORDER BY `schema_migrations`.`version` ASC[0m
Processing by StoreController#index as HTML
  Rendering store/index.html.erb within layouts/application
  [1m[35m (0.7ms)[0m  [1m[34mSELECT COUNT(*) AS `size`, MAX(`products`.`updated_at`) AS timestamp FROM `products`[0m
  ↳ app/views/store/index.html.erb:5
Read fragment views/store/index:8833cdd581ed6c3e1c69e25cbf6a126e/products/query-506a174241d7c9e3a3f4b802158a9af1-3-20201223115657759813 (4.0ms)
  [1m[36mProduct Load (0.6ms)[0m  [1m[34mSELECT `products`.* FROM `products` ORDER BY `products`.`title` ASC[0m
  ↳ app/views/store/index.html.erb:6
Read fragment views/store/index:8833cdd581ed6c3e1c69e25cbf6a126e/products/3-20201223115657632408 (0.2ms)
Write fragment views/store/index:8833cdd581ed6c3e1c69e25cbf6a126e/products/3-20201223115657632408 (0.6ms)
Read fragment views/store/index:8833cdd581ed6c3e1c69e25cbf6a126e/products/5-20201223115657759813 (0.2ms)
Write fragment views/store/index:8833cdd581ed6c3e1c69e25cbf6a126e/products/5-20201223115657759813 (0.5ms)
Read fragment views/store/index:8833cdd581ed6c3e1c69e25cbf6a126e/products/4-20201223115657694369 (0.2ms)
Write fragment views/store/index:8833cdd581ed6c3e1c69e25cbf6a126e/products/4-20201223115657694369 (0.1ms)
Write fragment views/store/index:8833cdd581ed6c3e1c69e25cbf6a126e/products/query-506a174241d7c9e3a3f4b802158a9af1-3-20201223115657759813 (0.3ms)
  Rendered store/index.html.erb within layouts/application (Duration: 32.2ms | Allocations: 8503)
[Webpacker] Everything's up-to-date. Nothing to do
Completed 200 OK in 106ms (Views: 72.0ms | ActiveRecord: 1.3ms | Allocations: 27567)


Started GET "/" for 127.0.0.1 at 2020-12-24 18:33:18 +0600
Processing by StoreController#index as HTML
  Rendering store/index.html.erb within layouts/application
  [1m[35m (0.6ms)[0m  [1m[34mSELECT COUNT(*) AS `size`, MAX(`products`.`updated_at`) AS timestamp FROM `products`[0m
  ↳ app/views/store/index.html.erb:5
Read fragment views/store/index:8833cdd581ed6c3e1c69e25cbf6a126e/products/query-506a174241d7c9e3a3f4b802158a9af1-3-20201223115657759813 (4.1ms)
  Rendered store/index.html.erb within layouts/application (Duration: 4.8ms | Allocations: 942)
[Webpacker] Everything's up-to-date. Nothing to do
Completed 200 OK in 55ms (Views: 53.2ms | ActiveRecord: 0.6ms | Allocations: 17746)


Started GET "/" for 127.0.0.1 at 2020-12-24 18:40:23 +0600
  [1m[35m (0.3ms)[0m  [1m[35mSET NAMES utf8mb4,  @@SESSION.sql_mode = CONCAT(CONCAT(@@sql_mode, ',STRICT_ALL_TABLES'), ',NO_AUTO_VALUE_ON_ZERO'),  @@SESSION.sql_auto_is_null = 0, @@SESSION.wait_timeout = 2147483[0m
Processing by StoreController#index as HTML
  Rendering store/index.html.erb within layouts/application
  [1m[35m (0.5ms)[0m  [1m[34mSELECT COUNT(*) AS `size`, MAX(`products`.`updated_at`) AS timestamp FROM `products`[0m
  ↳ app/views/store/index.html.erb:5
Read fragment views/store/index:8833cdd581ed6c3e1c69e25cbf6a126e/products/query-506a174241d7c9e3a3f4b802158a9af1-3-20201223115657759813 (2.8ms)
  Rendered store/index.html.erb within layouts/application (Duration: 3.2ms | Allocations: 1036)
[Webpacker] Everything's up-to-date. Nothing to do
Completed 200 OK in 19ms (Views: 12.2ms | ActiveRecord: 0.5ms | Allocations: 6845)


Started POST "/line_items?product_id=3" for 127.0.0.1 at 2020-12-24 18:40:27 +0600
  
LoadError (cannot load such file -- test_helper):
  
app/controllers/concerns/current_cart.rb:9:in `<main>'
app/controllers/line_items_controller.rb:10:in `<class:LineItemsController>'
app/controllers/line_items_controller.rb:9:in `<main>'
Started POST "/line_items?product_id=3" for 127.0.0.1 at 2020-12-24 18:41:42 +0600
  
LoadError (cannot load such file -- test_helper):
  
app/controllers/concerns/current_cart.rb:9:in `<main>'
app/controllers/line_items_controller.rb:10:in `<class:LineItemsController>'
app/controllers/line_items_controller.rb:9:in `<main>'
Started GET "/carts" for 127.0.0.1 at 2020-12-24 18:43:26 +0600
Processing by CartsController#index as HTML
  Rendering carts/index.html.erb within layouts/application
  [1m[36mCart Load (0.5ms)[0m  [1m[34mSELECT `carts`.* FROM `carts`[0m
  ↳ app/views/carts/index.html.erb:13
  Rendered carts/index.html.erb within layouts/application (Duration: 4.9ms | Allocations: 1305)
[Webpacker] Everything's up-to-date. Nothing to do
Completed 200 OK in 22ms (Views: 14.2ms | ActiveRecord: 1.2ms | Allocations: 6606)


Started GET "/carts/new" for 127.0.0.1 at 2020-12-24 18:43:29 +0600
Processing by CartsController#new as HTML
  Rendering carts/new.html.erb within layouts/application
  Rendered carts/_form.html.erb (Duration: 2.6ms | Allocations: 670)
  Rendered carts/new.html.erb within layouts/application (Duration: 4.3ms | Allocations: 998)
[Webpacker] Everything's up-to-date. Nothing to do
Completed 200 OK in 20ms (Views: 12.4ms | ActiveRecord: 0.6ms | Allocations: 6498)


Started GET "/carts" for 127.0.0.1 at 2020-12-24 18:43:30 +0600
Processing by CartsController#index as HTML
  Rendering carts/index.html.erb within layouts/application
  [1m[36mCart Load (0.5ms)[0m  [1m[34mSELECT `carts`.* FROM `carts`[0m
  ↳ app/views/carts/index.html.erb:13
  Rendered carts/index.html.erb within layouts/application (Duration: 3.3ms | Allocations: 684)
[Webpacker] Everything's up-to-date. Nothing to do
Completed 200 OK in 22ms (Views: 19.8ms | ActiveRecord: 0.5ms | Allocations: 4733)


Started GET "/carts/new" for 127.0.0.1 at 2020-12-24 18:43:31 +0600
Processing by CartsController#new as HTML
  Rendering carts/new.html.erb within layouts/application
  Rendered carts/_form.html.erb (Duration: 1.7ms | Allocations: 319)
  Rendered carts/new.html.erb within layouts/application (Duration: 2.4ms | Allocations: 401)
[Webpacker] Everything's up-to-date. Nothing to do
Completed 200 OK in 15ms (Views: 13.0ms | ActiveRecord: 0.0ms | Allocations: 4438)


Started POST "/carts" for 127.0.0.1 at 2020-12-24 18:43:32 +0600
Processing by CartsController#create as HTML
  Parameters: {"authenticity_token"=>"Mxje09sE25CNy5xw33KDolg4xY0uG1MPRUU6gQ/sBDok/K3js8idg68Y3QPs9omR66SGi0DCSLJvYjItsmCT2Q==", "commit"=>"Create Cart"}
  [1m[35m (0.3ms)[0m  [1m[35mBEGIN[0m
  ↳ app/controllers/carts_controller.rb:30:in `block in create'
  [1m[36mCart Create (0.4ms)[0m  [1m[32mINSERT INTO `carts` (`created_at`, `updated_at`) VALUES ('2020-12-24 12:43:32.081719', '2020-12-24 12:43:32.081719')[0m
  ↳ app/controllers/carts_controller.rb:30:in `block in create'
  [1m[35m (68.7ms)[0m  [1m[35mCOMMIT[0m
  ↳ app/controllers/carts_controller.rb:30:in `block in create'
Redirected to http://localhost:3000/carts/1
Completed 302 Found in 81ms (ActiveRecord: 69.4ms | Allocations: 3058)


Started GET "/carts/1" for 127.0.0.1 at 2020-12-24 18:43:32 +0600
Processing by CartsController#show as HTML
  Parameters: {"id"=>"1"}
  [1m[36mCart Load (0.6ms)[0m  [1m[34mSELECT `carts`.* FROM `carts` WHERE `carts`.`id` = 1 LIMIT 1[0m
  ↳ app/controllers/carts_controller.rb:67:in `set_cart'
  Rendering carts/show.html.erb within layouts/application
  Rendered carts/show.html.erb within layouts/application (Duration: 1.2ms | Allocations: 204)
[Webpacker] Everything's up-to-date. Nothing to do
Completed 200 OK in 15ms (Views: 9.2ms | ActiveRecord: 0.6ms | Allocations: 5358)


Started GET "/" for 127.0.0.1 at 2020-12-24 18:43:43 +0600
Processing by StoreController#index as HTML
  Rendering store/index.html.erb within layouts/application
  [1m[35m (0.6ms)[0m  [1m[34mSELECT COUNT(*) AS `size`, MAX(`products`.`updated_at`) AS timestamp FROM `products`[0m
  ↳ app/views/store/index.html.erb:5
Read fragment views/store/index:8833cdd581ed6c3e1c69e25cbf6a126e/products/query-506a174241d7c9e3a3f4b802158a9af1-3-20201223115657759813 (3.3ms)
  Rendered store/index.html.erb within layouts/application (Duration: 3.8ms | Allocations: 939)
[Webpacker] Everything's up-to-date. Nothing to do
Completed 200 OK in 15ms (Views: 12.5ms | ActiveRecord: 0.6ms | Allocations: 4984)


Started POST "/line_items?product_id=3" for 127.0.0.1 at 2020-12-24 18:43:45 +0600
  
LoadError (cannot load such file -- test_helper):
  
app/controllers/concerns/current_cart.rb:9:in `<main>'
app/controllers/line_items_controller.rb:10:in `<class:LineItemsController>'
app/controllers/line_items_controller.rb:9:in `<main>'
Started POST "/line_items?product_id=4" for 127.0.0.1 at 2020-12-24 18:43:52 +0600
  
LoadError (cannot load such file -- test_helper):
  
app/controllers/concerns/current_cart.rb:9:in `<main>'
app/controllers/line_items_controller.rb:10:in `<class:LineItemsController>'
app/controllers/line_items_controller.rb:9:in `<main>'
Started POST "/line_items?product_id=3" for 127.0.0.1 at 2020-12-24 18:47:24 +0600
  
LoadError (cannot load such file -- test_helper):
  
app/controllers/concerns/current_cart.rb:9:in `<main>'
app/controllers/line_items_controller.rb:10:in `<class:LineItemsController>'
app/controllers/line_items_controller.rb:9:in `<main>'
Started POST "/line_items?product_id=5" for 127.0.0.1 at 2020-12-24 18:47:29 +0600
  
LoadError (cannot load such file -- test_helper):
  
app/controllers/concerns/current_cart.rb:9:in `<main>'
app/controllers/line_items_controller.rb:10:in `<class:LineItemsController>'
app/controllers/line_items_controller.rb:9:in `<main>'
Started GET "/" for 127.0.0.1 at 2020-12-24 18:49:43 +0600
Processing by StoreController#index as HTML
  Rendering store/index.html.erb within layouts/application
  [1m[35m (0.6ms)[0m  [1m[34mSELECT COUNT(*) AS `size`, MAX(`products`.`updated_at`) AS timestamp FROM `products`[0m
  ↳ app/views/store/index.html.erb:5
Read fragment views/store/index:8833cdd581ed6c3e1c69e25cbf6a126e/products/query-506a174241d7c9e3a3f4b802158a9af1-3-20201223115657759813 (3.2ms)
  Rendered store/index.html.erb within layouts/application (Duration: 5.4ms | Allocations: 1365)
[Webpacker] Everything's up-to-date. Nothing to do
Completed 200 OK in 19ms (Views: 17.2ms | ActiveRecord: 0.6ms | Allocations: 6392)


Started POST "/line_items?product_id=3" for 127.0.0.1 at 2020-12-24 18:49:45 +0600
  
LoadError (cannot load such file -- test_helper):
  
app/controllers/concerns/current_cart.rb:9:in `<main>'
app/controllers/line_items_controller.rb:10:in `<class:LineItemsController>'
app/controllers/line_items_controller.rb:9:in `<main>'
Started POST "/line_items?product_id=3" for 127.0.0.1 at 2020-12-24 18:51:08 +0600
  [1m[35m (0.5ms)[0m  [1m[35mSET NAMES utf8mb4,  @@SESSION.sql_mode = CONCAT(CONCAT(@@sql_mode, ',STRICT_ALL_TABLES'), ',NO_AUTO_VALUE_ON_ZERO'),  @@SESSION.sql_auto_is_null = 0, @@SESSION.wait_timeout = 2147483[0m
  [1m[35m (0.5ms)[0m  [1m[34mSELECT `schema_migrations`.`version` FROM `schema_migrations` ORDER BY `schema_migrations`.`version` ASC[0m
  
LoadError (cannot load such file -- test_helper):
  
app/controllers/concerns/current_cart.rb:9:in `<main>'
app/controllers/line_items_controller.rb:10:in `<class:LineItemsController>'
app/controllers/line_items_controller.rb:9:in `<main>'
Started POST "/line_items?product_id=3" for 127.0.0.1 at 2020-12-24 18:51:51 +0600
  
LoadError (cannot load such file -- test_helper):
  
app/controllers/concerns/current_cart.rb:9:in `<main>'
app/controllers/line_items_controller.rb:10:in `<class:LineItemsController>'
app/controllers/line_items_controller.rb:9:in `<main>'
Started POST "/line_items?product_id=3" for 127.0.0.1 at 2020-12-24 18:53:56 +0600
  
Zeitwerk::NameError (expected file /home/nascenia/myrails/depot/app/controllers/concerns/current_cart.rb to define constant CurrentCart, but didn't):
  
app/controllers/line_items_controller.rb:10:in `<class:LineItemsController>'
app/controllers/line_items_controller.rb:9:in `<main>'
Started POST "/line_items?product_id=3" for 127.0.0.1 at 2020-12-24 18:55:18 +0600
  
RuntimeError (test_should_get_index is already defined in StoreControllerTest):
  
app/controllers/concerns/current_cart.rb:12:in `<class:StoreControllerTest>'
app/controllers/concerns/current_cart.rb:11:in `<main>'
app/controllers/line_items_controller.rb:10:in `<class:LineItemsController>'
app/controllers/line_items_controller.rb:9:in `<main>'
Started POST "/line_items?product_id=3" for 127.0.0.1 at 2020-12-24 18:55:42 +0600
  
LoadError (cannot load such file -- /home/nascenia/myrails/depot/app/helpers/test_helper.rb):
  
app/controllers/concerns/current_cart.rb:9:in `<main>'
app/controllers/line_items_controller.rb:10:in `<class:LineItemsController>'
app/controllers/line_items_controller.rb:9:in `<main>'
Started POST "/line_items?product_id=3" for 127.0.0.1 at 2020-12-24 18:58:08 +0600
Processing by LineItemsController#create as HTML
  Parameters: {"authenticity_token"=>"7FPatZuhoxY4VblcD4MwnmUy3huHX4LvzZehidwaSmu+/OMAehR6aw6rxhLg8Q8l/EJQ/yEPGzii4Qk0y6gtyA==", "product_id"=>"3"}
  [1m[35m (0.2ms)[0m  [1m[35mBEGIN[0m
  ↳ app/controllers/concerns/current_cart.rb:16:in `rescue in set_cart'
  [1m[36mCart Create (0.5ms)[0m  [1m[32mINSERT INTO `carts` (`created_at`, `updated_at`) VALUES ('2020-12-24 12:58:08.499328', '2020-12-24 12:58:08.499328')[0m
  ↳ app/controllers/concerns/current_cart.rb:16:in `rescue in set_cart'
  [1m[35m (91.8ms)[0m  [1m[35mCOMMIT[0m
  ↳ app/controllers/concerns/current_cart.rb:16:in `rescue in set_cart'
  [1m[36mProduct Load (0.8ms)[0m  [1m[34mSELECT `products`.* FROM `products` WHERE `products`.`id` = 3 LIMIT 1[0m
  ↳ app/controllers/line_items_controller.rb:37:in `create'
  [1m[35m (0.2ms)[0m  [1m[35mBEGIN[0m
  ↳ app/controllers/line_items_controller.rb:41:in `block in create'
  [1m[36mLineItem Create (0.6ms)[0m  [1m[32mINSERT INTO `line_items` (`product_id`, `cart_id`, `created_at`, `updated_at`) VALUES (3, 2, '2020-12-24 12:58:08.727705', '2020-12-24 12:58:08.727705')[0m
  ↳ app/controllers/line_items_controller.rb:41:in `block in create'
  [1m[35m (42.2ms)[0m  [1m[35mCOMMIT[0m
  ↳ app/controllers/line_items_controller.rb:41:in `block in create'
Redirected to http://localhost:3000/carts/2
Completed 302 Found in 293ms (ActiveRecord: 174.1ms | Allocations: 23663)


Started GET "/carts/2" for 127.0.0.1 at 2020-12-24 18:58:08 +0600
Processing by CartsController#show as HTML
  Parameters: {"id"=>"2"}
  [1m[36mCart Load (0.4ms)[0m  [1m[34mSELECT `carts`.* FROM `carts` WHERE `carts`.`id` = 2 LIMIT 1[0m
  ↳ app/controllers/carts_controller.rb:67:in `set_cart'
  Rendering carts/show.html.erb within layouts/application
  [1m[36mLineItem Load (0.5ms)[0m  [1m[34mSELECT `line_items`.* FROM `line_items` WHERE `line_items`.`cart_id` = 2[0m
  ↳ app/views/carts/show.html.erb:5
  [1m[36mProduct Load (0.4ms)[0m  [1m[34mSELECT `products`.* FROM `products` WHERE `products`.`id` = 3 LIMIT 1[0m
  ↳ app/views/carts/show.html.erb:6
  Rendered carts/show.html.erb within layouts/application (Duration: 6.7ms | Allocations: 2113)
[Webpacker] Everything's up-to-date. Nothing to do
Completed 200 OK in 64ms (Views: 58.9ms | ActiveRecord: 1.4ms | Allocations: 23548)


Started GET "/" for 127.0.0.1 at 2020-12-24 18:58:19 +0600
Processing by StoreController#index as HTML
  Rendering store/index.html.erb within layouts/application
  [1m[35m (0.5ms)[0m  [1m[34mSELECT COUNT(*) AS `size`, MAX(`products`.`updated_at`) AS timestamp FROM `products`[0m
  ↳ app/views/store/index.html.erb:5
Read fragment views/store/index:8833cdd581ed6c3e1c69e25cbf6a126e/products/query-506a174241d7c9e3a3f4b802158a9af1-3-20201223115657759813 (5.2ms)
  [1m[36mProduct Load (0.7ms)[0m  [1m[34mSELECT `products`.* FROM `products` ORDER BY `products`.`title` ASC[0m
  ↳ app/views/store/index.html.erb:6
Read fragment views/store/index:8833cdd581ed6c3e1c69e25cbf6a126e/products/3-20201223115657632408 (0.2ms)
Write fragment views/store/index:8833cdd581ed6c3e1c69e25cbf6a126e/products/3-20201223115657632408 (1.0ms)
Read fragment views/store/index:8833cdd581ed6c3e1c69e25cbf6a126e/products/5-20201223115657759813 (0.2ms)
Write fragment views/store/index:8833cdd581ed6c3e1c69e25cbf6a126e/products/5-20201223115657759813 (0.3ms)
Read fragment views/store/index:8833cdd581ed6c3e1c69e25cbf6a126e/products/4-20201223115657694369 (0.1ms)
Write fragment views/store/index:8833cdd581ed6c3e1c69e25cbf6a126e/products/4-20201223115657694369 (0.2ms)
Write fragment views/store/index:8833cdd581ed6c3e1c69e25cbf6a126e/products/query-506a174241d7c9e3a3f4b802158a9af1-3-20201223115657759813 (0.4ms)
  Rendered store/index.html.erb within layouts/application (Duration: 28.6ms | Allocations: 7415)
[Webpacker] Everything's up-to-date. Nothing to do
Completed 200 OK in 40ms (Views: 37.2ms | ActiveRecord: 1.2ms | Allocations: 12001)


Started POST "/line_items?product_id=3" for 127.0.0.1 at 2020-12-24 18:58:21 +0600
Processing by LineItemsController#create as HTML
  Parameters: {"authenticity_token"=>"2dSJmGLTkuKxmKlQLDeGzl8F1A+XWqaYwOl/hoRxboaLe7Atg2ZLn4dm1h7DRbl1xnVa6zEKP0+vn9c7k8MJJQ==", "product_id"=>"3"}
  [1m[36mCart Load (0.6ms)[0m  [1m[34mSELECT `carts`.* FROM `carts` WHERE `carts`.`id` = 2 LIMIT 1[0m
  ↳ app/controllers/concerns/current_cart.rb:14:in `set_cart'
  [1m[36mProduct Load (0.5ms)[0m  [1m[34mSELECT `products`.* FROM `products` WHERE `products`.`id` = 3 LIMIT 1[0m
  ↳ app/controllers/line_items_controller.rb:37:in `create'
  [1m[35m (0.8ms)[0m  [1m[35mBEGIN[0m
  ↳ app/controllers/line_items_controller.rb:41:in `block in create'
  [1m[36mLineItem Create (1.0ms)[0m  [1m[32mINSERT INTO `line_items` (`product_id`, `cart_id`, `created_at`, `updated_at`) VALUES (3, 2, '2020-12-24 12:58:21.398413', '2020-12-24 12:58:21.398413')[0m
  ↳ app/controllers/line_items_controller.rb:41:in `block in create'
  [1m[35m (191.6ms)[0m  [1m[35mCOMMIT[0m
  ↳ app/controllers/line_items_controller.rb:41:in `block in create'
Redirected to http://localhost:3000/carts/2
Completed 302 Found in 209ms (ActiveRecord: 194.5ms | Allocations: 4048)


Started GET "/carts/2" for 127.0.0.1 at 2020-12-24 18:58:21 +0600
Processing by CartsController#show as HTML
  Parameters: {"id"=>"2"}
  [1m[36mCart Load (0.5ms)[0m  [1m[34mSELECT `carts`.* FROM `carts` WHERE `carts`.`id` = 2 LIMIT 1[0m
  ↳ app/controllers/carts_controller.rb:67:in `set_cart'
  Rendering carts/show.html.erb within layouts/application
  [1m[36mLineItem Load (1.7ms)[0m  [1m[34mSELECT `line_items`.* FROM `line_items` WHERE `line_items`.`cart_id` = 2[0m
  ↳ app/views/carts/show.html.erb:5
  [1m[36mProduct Load (0.7ms)[0m  [1m[34mSELECT `products`.* FROM `products` WHERE `products`.`id` = 3 LIMIT 1[0m
  ↳ app/views/carts/show.html.erb:6
  [1m[36mCACHE Product Load (0.0ms)[0m  [1m[34mSELECT `products`.* FROM `products` WHERE `products`.`id` = 3 LIMIT 1[0m  [["id", 3], ["LIMIT", 1]]
  ↳ app/views/carts/show.html.erb:6
  Rendered carts/show.html.erb within layouts/application (Duration: 8.8ms | Allocations: 2297)
[Webpacker] Everything's up-to-date. Nothing to do
Completed 200 OK in 19ms (Views: 14.2ms | ActiveRecord: 2.9ms | Allocations: 6910)


